<?xml version="1.0" encoding="utf-8"?><testsuites name="pytest tests"><testsuite name="pytest" errors="0" failures="0" skipped="0" tests="20" time="95.258" timestamp="2026-09-22T18:55:09.895427+02:00" hostname="DESKTOP-HQ02T33"><testcase classname="tests.test_backtest_sandbox" name="test_worker_environment_excludes_broker_secrets" time="1.809" /><testcase classname="tests.test_backtest_sandbox" name="test_worker_environment_is_explicit_allowlist_and_cannot_read_host_sentinel" time="1.855" /><testcase classname="tests.test_backtest_sandbox" name="test_worker_denies_network_and_child_processes[probe_network]" time="1.952" /><testcase classname="tests.test_backtest_sandbox" name="test_worker_denies_network_and_child_processes[probe_subprocess]" time="1.878" /><testcase classname="tests.test_backtest_sandbox" name="test_worker_denies_network_and_child_processes[probe_live_import]" time="1.865" /><testcase classname="tests.test_backtest_sandbox" name="test_worker_denies_network_and_child_processes[probe_dynamic]" time="1.832" /><testcase classname="tests.test_backtest_sandbox" name="test_worker_denies_network_and_child_processes[probe_native_load]" time="1.878" /><testcase classname="tests.test_backtest_sandbox" name="test_worker_denies_network_and_child_processes[probe_native_load_via_wrapper]" time="1.887" /><testcase classname="tests.test_backtest_sandbox" name="test_worker_timeout_terminates_job" time="2.579" /><testcase classname="tests.test_backtest_sandbox" name="test_worker_memory_limit_fails_closed" time="2.142" /><testcase classname="tests.test_backtest_sandbox" name="test_sandbox_backend_is_available" time="0.001" /><testcase classname="tests.test_backtest_sandbox" name="test_real_cli_backtest_publishes_nonempty_attested_artifacts" time="31.846" /><testcase classname="tests.test_backtest_sandbox" name="test_runtime_packaging_excludes_host_startup_and_base_site_packages" time="0.193" /><testcase classname="tests.test_backtest_sandbox" name="test_real_appcontainer_enforces_filesystem_boundaries" time="2.178" /><testcase classname="tests.test_backtest_sandbox" name="test_real_appcontainer_enforces_network_boundary" time="2.233" /><testcase classname="tests.test_backtest_sandbox" name="test_real_appcontainer_enforces_process_boundary" time="2.484" /><testcase classname="tests.test_backtest_sandbox" name="test_real_appcontainer_rejects_symlink_escape" time="2.404" /><testcase classname="tests.test_backtest_sandbox" name="test_real_appcontainer_rejects_junction_escape" time="1.954" /><testcase classname="tests.test_backtest_sandbox" name="test_real_appcontainer_rejects_hardlink_escape" time="0.005" /><testcase classname="tests.test_backtest_sandbox" name="test_crash_does_not_publish_final_artifact" time="32.234" /></testsuite></testsuites>