<?xml version="1.0" encoding="utf-8"?><testsuites name="pytest tests"><testsuite name="pytest" errors="1" failures="0" skipped="0" tests="777" time="415.109" timestamp="2026-09-22T15:06:23.255100+02:00" hostname="DESKTOP-HQ02T33"><testcase classname="tests.test_audit_ledger" name="test_audit_chain_hash_and_transactional_sequence" time="0.082" /><testcase classname="tests.test_audit_ledger" name="test_mutation_and_sequence_gap_fail_closed" time="0.101" /><testcase classname="tests.test_audit_ledger" name="test_startup_anchor_loss_fails_closed" time="0.064" /><testcase classname="tests.test_audit_ledger" name="test_restart_replays_recoverable_anchor_suffix_with_stable_identity[PENDING]" time="0.131" /><testcase classname="tests.test_audit_ledger" name="test_restart_replays_recoverable_anchor_suffix_with_stable_identity[DELIVERY_ATTEMPTED]" time="0.126" /><testcase classname="tests.test_audit_ledger" name="test_restart_replays_recoverable_anchor_suffix_with_stable_identity[FAILED]" time="0.129" /><testcase classname="tests.test_audit_ledger" name="test_restart_after_db_commit_before_first_anchor_recovers" time="0.078" /><testcase classname="tests.test_audit_ledger" name="test_restart_acks_exact_external_event_without_duplicate_delivery" time="0.108" /><testcase classname="tests.test_audit_ledger" name="test_external_event_id_hash_conflict_fails_closed" time="0.055" /><testcase classname="tests.test_backtest_sandbox" name="test_worker_environment_excludes_broker_secrets" time="2.087" /><testcase classname="tests.test_backtest_sandbox" name="test_worker_environment_is_explicit_allowlist_and_cannot_read_host_sentinel" time="2.223" /><testcase classname="tests.test_backtest_sandbox" name="test_worker_denies_network_and_child_processes[probe_network]" time="2.415" /><testcase classname="tests.test_backtest_sandbox" name="test_worker_denies_network_and_child_processes[probe_subprocess]" time="2.362" /><testcase classname="tests.test_backtest_sandbox" name="test_worker_denies_network_and_child_processes[probe_live_import]" time="2.204" /><testcase classname="tests.test_backtest_sandbox" name="test_worker_denies_network_and_child_processes[probe_dynamic]" time="2.304" /><testcase classname="tests.test_backtest_sandbox" name="test_worker_denies_network_and_child_processes[probe_native_load]" time="2.330" /><testcase classname="tests.test_backtest_sandbox" name="test_worker_denies_network_and_child_processes[probe_native_load_via_wrapper]" time="2.388" /><testcase classname="tests.test_backtest_sandbox" name="test_worker_timeout_terminates_job" time="2.767" /><testcase classname="tests.test_backtest_sandbox" name="test_worker_memory_limit_fails_closed" time="2.506" /><testcase classname="tests.test_backtest_sandbox" name="test_sandbox_backend_is_available" time="0.001" /><testcase classname="tests.test_backtest_sandbox" name="test_real_cli_backtest_publishes_nonempty_attested_artifacts" time="40.285" /><testcase classname="tests.test_backtest_sandbox" name="test_runtime_packaging_excludes_host_startup_and_base_site_packages" time="0.168" /><testcase classname="tests.test_backtest_sandbox" name="test_real_appcontainer_enforces_filesystem_boundaries" time="2.380" /><testcase classname="tests.test_backtest_sandbox" name="test_real_appcontainer_enforces_network_boundary" time="2.349" /><testcase classname="tests.test_backtest_sandbox" name="test_real_appcontainer_enforces_process_boundary" time="2.369" /><testcase classname="tests.test_backtest_sandbox" name="test_real_appcontainer_rejects_symlink_escape" time="0.001"><error message="failed on setup with &quot;Failed: LINK_FIXTURE_ROOT_REQUIRED: run the normal-user preparation script, have the owner create its reported symlink, then rerun with --symlink-fixture-root&quot;">pytestconfig = &lt;_pytest.config.Config object at 0x000001A276859B10&gt;

    @pytest.fixture
    def owner_symlink_fixture_roots(pytestconfig: pytest.Config) -&gt; dict[str, Path]:
        raw_root = pytestconfig.getoption("--symlink-fixture-root")
        if not raw_root:
&gt;           pytest.fail(
                "LINK_FIXTURE_ROOT_REQUIRED: run the normal-user preparation script, have the owner create its reported symlink, then rerun with --symlink-fixture-root"
            )
E           Failed: LINK_FIXTURE_ROOT_REQUIRED: run the normal-user preparation script, have the owner create its reported symlink, then rerun with --symlink-fixture-root

tests\test_backtest_sandbox.py:249: Failed</error></testcase><testcase classname="tests.test_backtest_sandbox" name="test_real_appcontainer_rejects_junction_escape" time="2.395" /><testcase classname="tests.test_backtest_sandbox" name="test_real_appcontainer_rejects_hardlink_escape" time="0.009" /><testcase classname="tests.test_backtest_sandbox" name="test_crash_does_not_publish_final_artifact" time="32.741" /><testcase classname="tests.test_backtest_trust_boundary" name="test_production_backtest_has_no_dynamic_code_or_network_surface" time="0.258" /><testcase classname="tests.test_backtest_trust_boundary" name="test_production_and_canonical_scripts_use_explicit_ast_allowlist" time="0.308" /><testcase classname="tests.test_broker_facts" name="test_broker_facts_derive_realized_r_from_partial_position_exits_and_costs" time="0.012" /><testcase classname="tests.test_broker_facts" name="test_daily_loss_cap_is_evaluated_from_broker_facts" time="0.001" /><testcase classname="tests.test_broker_facts" name="test_sl_less_exposure_missing_deal_fields_duplicate_and_nan_fail_closed" time="0.001" /><testcase classname="tests.test_broker_facts" name="test_pending_orders_are_included_in_pair_exposure_and_concentration" time="0.001" /><testcase classname="tests.test_broker_facts" name="test_daily_deal_query_starts_at_new_york_trading_day_not_caller_history_window" time="0.001" /><testcase classname="tests.test_broker_identity_env" name="test_invalid_account_login_is_rejected_before_connection[None]" time="0.000" /><testcase classname="tests.test_broker_identity_env" name="test_invalid_account_login_is_rejected_before_connection[]" time="0.000" /><testcase classname="tests.test_broker_identity_env" name="test_invalid_account_login_is_rejected_before_connection[   ]" time="0.000" /><testcase classname="tests.test_broker_identity_env" name="test_invalid_account_login_is_rejected_before_connection[0]" time="0.000" /><testcase classname="tests.test_broker_identity_env" name="test_invalid_account_login_is_rejected_before_connection[-1]" time="0.000" /><testcase classname="tests.test_broker_identity_env" name="test_invalid_account_login_is_rejected_before_connection[+1]" time="0.000" /><testcase classname="tests.test_broker_identity_env" name="test_invalid_account_login_is_rejected_before_connection[\uff11\uff12\uff13]" time="0.000" /><testcase classname="tests.test_broker_identity_env" name="test_invalid_account_login_is_rejected_before_connection[9223372036854775808]" time="0.000" /><testcase classname="tests.test_broker_identity_env" name="test_valid_account_login_is_trimmed_and_transferred" time="0.000" /><testcase classname="tests.test_broker_identity_powershell" name="test_powershell_identity_gate_is_strict_and_long_typed" time="0.001" /><testcase classname="tests.test_broker_identity_powershell" name="test_recovery_passes_login_explicitly_and_cleans_worker_environment" time="0.000" /><testcase classname="tests.test_broker_identity_powershell" name="test_recovery_worker_revalidates_in_a_clean_powershell_child" time="3.121" /><testcase classname="tests.test_broker_identity_scripts" name="test_discovery_requires_login_before_importing_mt5" time="0.001" /><testcase classname="tests.test_broker_identity_scripts" name="test_server_discovery_transfers_valid_login_from_environment" time="0.001" /><testcase classname="tests.test_broker_identity_scripts" name="test_super1_discovery_rejects_wrong_server_company_or_real_account[account0]" time="0.001" /><testcase classname="tests.test_broker_identity_scripts" name="test_super1_discovery_rejects_wrong_server_company_or_real_account[account1]" time="0.001" /><testcase classname="tests.test_broker_identity_scripts" name="test_super1_discovery_rejects_wrong_server_company_or_real_account[account2]" time="0.001" /><testcase classname="tests.test_broker_identity_scripts" name="test_market_smoke_rejects_identity_before_order_send" time="0.006" /><testcase classname="tests.test_candidate_artifacts" name="test_artifact_rejects_payload_tampering" time="0.050" /><testcase classname="tests.test_candidate_artifacts" name="test_artifact_rejects_changed_input" time="0.037" /><testcase classname="tests.test_candidate_artifacts" name="test_threshold_calibration_accepts_deterministic_synthetic_input" time="0.011" /><testcase classname="tests.test_candidate_artifacts" name="test_development_ranking_has_no_holdout_metric_columns" time="0.008" /><testcase classname="tests.test_candidate_artifacts" name="test_evaluator_uses_risk_rule_from_payload" time="0.007" /><testcase classname="tests.test_candidate_artifacts" name="test_checked_in_threshold_artifact_has_current_provenance" time="0.148" /><testcase classname="tests.test_candidate_artifacts" name="test_finalizer_binds_real_development_and_holdout_metrics" time="0.404" /><testcase classname="tests.test_candidate_artifacts" name="test_multi_directory_publication_rolls_back_every_destination" time="0.023" /><testcase classname="tests.test_candidate_artifacts" name="test_finalizer_does_not_publish_without_required_research_inputs" time="0.001" /><testcase classname="tests.test_canonical_full_history_runner" name="test_drawdown_includes_losses_below_initial_zero_equity" time="0.005" /><testcase classname="tests.test_capital_forward" name="test_normalize_price_uses_bid_and_volume" time="0.000" /><testcase classname="tests.test_capital_forward" name="test_aggregate_records_source_minutes_and_requires_closed_bucket" time="0.009" /><testcase classname="tests.test_capital_forward" name="test_aggregate_keeps_partial_bucket_when_one_source_minute_has_no_ticks" time="0.008" /><testcase classname="tests.test_capital_forward" name="test_conflicting_revision_is_recorded_without_overwrite" time="0.048" /><testcase classname="tests.test_capital_forward" name="test_output_root_process_lock_rejects_a_second_owner" time="0.023" /><testcase classname="tests.test_capital_forward" name="test_fatal_latch_is_persistent_until_explicitly_cleared" time="0.072" /><testcase classname="tests.test_capital_forward" name="test_fetch_heartbeat_refresh_preserves_health_payload" time="0.020" /><testcase classname="tests.test_capital_forward" name="test_run_once_promotes_unknown_broker_state_to_transient_recovery" time="0.003" /><testcase classname="tests.test_capital_forward" name="test_run_once_refreshes_time_after_fetch_before_reconcile" time="0.003" /><testcase classname="tests.test_capital_forward" name="test_run_once_without_reconcile_reports_null_send_guard" time="0.002" /><testcase classname="tests.test_capital_forward" name="test_fetch_window_preserves_provider_observation_after_requested_asof" time="0.045" /><testcase classname="tests.test_capital_forward" name="test_finalize_waits_for_complete_shared_fetch_scope_without_marker" time="0.003" /><testcase classname="tests.test_capital_forward" name="test_finalize_shared_asof_boundaries_use_real_two_leg_store_and_seal_once" time="0.292" /><testcase classname="tests.test_capital_forward" name="test_unknown_broker_state_recovers_before_next_cycle_without_fatal_latch" time="0.148" /><testcase classname="tests.test_capital_forward" name="test_shutdown_cancel_readback_failure_remains_fatal" time="0.069" /><testcase classname="tests.test_capital_forward" name="test_recovery_cancel_rejection_remains_fatal" time="0.071" /><testcase classname="tests.test_capital_forward" name="test_finalize_future_known_required_bar_waits_for_knowledge_without_artifacts" time="0.004" /><testcase classname="tests.test_capital_forward" name="test_finalize_missing_provider_metadata_waits_for_final_data_without_artifacts" time="0.004" /><testcase classname="tests.test_check_mt5_flat" name="test_flat_check_requires_the_pinned_terminal_environment" time="0.001" /><testcase classname="tests.test_check_mt5_flat" name="test_readiness_requires_fixed_demo_identity_permissions_and_flat_account" time="0.002" /><testcase classname="tests.test_check_mt5_flat" name="test_readiness_fails_closed_on_wrong_server_disabled_transport_or_exposure" time="0.001" /><testcase classname="tests.test_check_mt5_flat" name="test_readiness_accepts_only_the_pinned_portable_terminal_data_root" time="0.004" /><testcase classname="tests.test_check_mt5_flat" name="test_combined_readiness_requires_order_check_without_order_send" time="0.000" /><testcase classname="tests.test_check_mt5_flat" name="test_combined_readiness_accepts_only_safe_deferred_market_states" time="0.000" /><testcase classname="tests.test_check_mt5_flat" name="test_read_only_proof_requires_flat_demo_identity_and_disabled_order_paths" time="0.004" /><testcase classname="tests.test_data_integrity" name="test_identical_duplicate_is_not_a_conflict" time="0.004" /><testcase classname="tests.test_data_integrity" name="test_conflicting_duplicate_is_reported" time="0.003" /><testcase classname="tests.test_data_integrity" name="test_invalid_ohlc_range_is_reported" time="0.008" /><testcase classname="tests.test_data_integrity" name="test_structural_contract_reports_nonfinite_negative_duplicate_and_nonmonotonic" time="0.010" /><testcase classname="tests.test_data_integrity" name="test_loader_rejects_parse_loss_instead_of_dropping_row" time="0.017" /><testcase classname="tests.test_data_integrity" name="test_loader_deduplicates_identical_overlap_bars_by_default" time="0.033" /><testcase classname="tests.test_data_integrity" name="test_loader_rejects_conflicting_duplicate_even_in_identical_mode" time="0.024" /><testcase classname="tests.test_data_reacquisition" name="test_reacquisition_replaces_only_requested_dates_and_records_provider" time="0.042" /><testcase classname="tests.test_data_reacquisition" name="test_reacquisition_rejects_a_missing_requested_date" time="0.025" /><testcase classname="tests.test_deploy_001_evidence_manifest" name="test_evidence_manifest_binds_checkout_and_committed_bytes" time="0.377" /><testcase classname="tests.test_deploy_001_evidence_manifest" name="test_evidence_manifest_rejects_each_individually_corrupted_artifact" time="2.175" /><testcase classname="tests.test_deploy_001_release_contract" name="test_release_integrity_contract_binds_the_exact_git_source_and_bytes" time="0.040" /><testcase classname="tests.test_deploy_001_release_contract" name="test_both_upgraders_have_exactly_the_contract_pin" time="0.002" /><testcase classname="tests.test_deploy_001_release_contract" name="test_builder_byte_gate_rejects_crlf_bom_and_single_byte_corruption" time="2.720" /><testcase classname="tests.test_deploy_001_release_contract" name="test_preflight_failure_cannot_reach_runtime_stop_or_mutation" time="0.001" /><testcase classname="tests.test_deploy_001_release_contract" name="test_ast_harness_executes_real_stop_bodies_and_phase_guards" time="6.046" /><testcase classname="tests.test_deploy_001_release_contract" name="test_phase_mutations_are_sensitive" time="0.002" /><testcase classname="tests.test_deploy_001_release_contract" name="test_mutated_forward_preflight_guard_fails_the_real_catch_harness" time="7.166" /><testcase classname="tests.test_deploy_001_release_contract" name="test_forward_production_phase_chain_rejects_stop_and_rollback_mutants" time="14.987" /><testcase classname="tests.test_deploy_001_release_contract" name="test_zip_integrity_gate_rejects_autocrlf_bom_duplicate_and_missing_entries" time="2.748" /><testcase classname="tests.test_deploy_001_release_contract" name="test_ast_main_catch_finally_preserves_preflight_ownership_and_primary_error" time="1.436" /><testcase classname="tests.test_deploy_001_release_contract" name="test_super1_production_phase_chain_rejects_preentry_stop_mutants" time="8.271" /><testcase classname="tests.test_deploy_001_release_contract" name="test_super1_ast_catch_and_finally_preflight_path_is_executed" time="0.243" /><testcase classname="tests.test_deploy_001_release_contract" name="test_builder_checks_contract_before_signing_key_resolution" time="0.964" /><testcase classname="tests.test_deployment_security" name="test_windows_installers_require_signed_archive_and_offline_hash_lock" time="0.004" /><testcase classname="tests.test_deployment_security" name="test_release_tree_acl_keeps_effective_permissions_on_child_files" time="0.001" /><testcase classname="tests.test_deployment_security" name="test_mt5_installer_signature_gate_is_fail_closed" time="0.000" /><testcase classname="tests.test_deployment_security" name="test_runtime_launchers_use_writable_state_not_read_only_app" time="0.001" /><testcase classname="tests.test_deployment_security" name="test_installers_limit_restart_and_task_privilege" time="0.001" /><testcase classname="tests.test_deployment_security" name="test_super1_repair_does_not_reset_password_behind_dpapi_blob" time="0.000" /><testcase classname="tests.test_deployment_security" name="test_release_builder_keeps_private_key_outside_workspace" time="0.001" /><testcase classname="tests.test_deployment_security" name="test_super1_release_stages_every_sealed_candidate_provenance_input" time="0.001" /><testcase classname="tests.test_deployment_security" name="test_super1_signed_app_upgrade_is_offline_transactional_and_leaves_tasks_stopped" time="0.001" /><testcase classname="tests.test_deployment_security" name="test_super1_upgrade_uses_a_reverified_immutable_release_copy" time="0.001" /><testcase classname="tests.test_deployment_security" name="test_super1_upgrade_pins_and_read_locks_the_release_trust_helper" time="0.001" /><testcase classname="tests.test_deployment_security" name="test_super1_upgrade_runs_only_from_sha_addressed_protected_self" time="0.001" /><testcase classname="tests.test_deployment_security" name="test_super1_upgrade_privately_locks_transaction_parents" time="0.001" /><testcase classname="tests.test_deployment_security" name="test_super1_upgrade_candidates_are_preflighted_atomic_and_rolled_back" time="0.001" /><testcase classname="tests.test_deployment_security" name="test_super1_upgrade_rolls_back_app_venv_and_complete_task_definitions" time="0.001" /><testcase classname="tests.test_deployment_security" name="test_super1_upgrade_requires_a_stopped_runtime_before_rollback_mutation" time="0.001" /><testcase classname="tests.test_deployment_security" name="test_super1_upgrade_never_executes_the_mutable_old_venv_as_administrator" time="0.001" /><testcase classname="tests.test_deployment_security" name="test_python_and_runtime_dependencies_are_exactly_pinned" time="0.001" /><testcase classname="tests.test_deployment_security" name="test_shared_release_commands_are_isolated_and_use_absolute_system_tools" time="0.001" /><testcase classname="tests.test_deployment_security" name="test_super1_fixed_launcher_uses_protected_probe_and_terminal_pins" time="0.001" /><testcase classname="tests.test_deployment_security" name="test_super1_task_contract_freezes_password_task_and_canonicalizes_watchdog" time="0.001" /><testcase classname="tests.test_deployment_security" name="test_super1_flat_check_never_changes_the_password_task_definition" time="0.001" /><testcase classname="tests.test_deployment_security" name="test_super1_rollover_consumes_two_sealed_flat_proofs_and_fixed_init" time="0.001" /><testcase classname="tests.test_deployment_security" name="test_super1_rollover_preserves_state_after_runtime_start_attempt" time="0.000" /><testcase classname="tests.test_deployment_security" name="test_super1_upgrade_pins_and_hardens_python_terminal_and_config" time="0.001" /><testcase classname="tests.test_deployment_security" name="test_watchdog_telegram_is_transition_based_and_rate_limited" time="0.001" /><testcase classname="tests.test_deployment_security" name="test_stage_signed_upgrader_windows_fail_closed_contract" time="3.165" /><testcase classname="tests.test_deployment_security" name="test_build_signed_release_enforces_dirty_git_python311_and_test_gates" time="0.001" /><testcase classname="tests.test_deployment_security" name="test_release_integrity_validates_entries_and_rejects_credentials_and_source_mismatch" time="0.001" /><testcase classname="tests.test_engine_contracts" name="test_intrabar_entry_target_conflict_is_rejected_by_default" time="0.001" /><testcase classname="tests.test_engine_contracts" name="test_intrabar_entry_target_conflict_can_be_explicitly_labeled" time="0.001" /><testcase classname="tests.test_engine_contracts" name="test_tick_rounding_and_alignment_are_deterministic" time="0.000" /><testcase classname="tests.test_engine_contracts" name="test_state_ids_are_replay_stable" time="0.000" /><testcase classname="tests.test_engine_contracts" name="test_ny_session_time_tracks_dst_without_changing_wall_clock" time="0.001" /><testcase classname="tests.test_engine_contracts" name="test_first30_directionality_is_not_available_from_future_bars" time="0.004" /><testcase classname="tests.test_engine_contracts" name="test_previous_session_skips_weekend_data" time="0.009" /><testcase classname="tests.test_engine_contracts" name="test_previous_session_skips_holiday_without_regular_session_bars" time="0.005" /><testcase classname="tests.test_engine_contracts" name="test_previous_session_rejects_sparse_intraday_fragment" time="0.004" /><testcase classname="tests.test_engine_pipeline" name="test_feed_name_is_explicit" time="0.000" /><testcase classname="tests.test_engine_pipeline" name="test_frame_hash_is_row_order_invariant" time="0.003" /><testcase classname="tests.test_engine_pipeline" name="test_timeframe_contract_accepts_matching_cadence" time="0.006" /><testcase classname="tests.test_engine_pipeline" name="test_leg_contract_rejects_nonmonotonic_and_duplicate_timestamps" time="0.013" /><testcase classname="tests.test_engine_pipeline" name="test_pair_pipeline_rejects_duplicate_leg_keys_before_execution" time="0.002" /><testcase classname="tests.test_engine_pipeline" name="test_pipeline_preserves_partial_r_and_does_not_realize_open_trade" time="0.036" /><testcase classname="tests.test_engine_pipeline" name="test_pair_cap_keys_orders_by_leg_and_order_id" time="0.080" /><testcase classname="tests.test_environment_schema_scanner" name="test_central_schema_matches_runtime_project_allowlist" time="1.098" /><testcase classname="tests.test_environment_schema_scanner" name="test_unknown_project_runtime_environment_is_fail_closed" time="0.001" /><testcase classname="tests.test_environment_schema_scanner" name="test_source_and_ci_reads_outside_schema_are_reported" time="0.005" /><testcase classname="tests.test_environment_schema_scanner" name="test_ci_workflow_runs_fail_closed_scanner" time="0.001" /><testcase classname="tests.test_evaluation_window" name="test_warmup_is_available_to_source_but_not_evaluation" time="0.002" /><testcase classname="tests.test_evaluation_window" name="test_dates_are_inclusive_and_outside_trades_fail" time="0.001" /><testcase classname="tests.test_evaluation_window" name="test_coverage_has_exactly_one_session_class" time="0.000" /><testcase classname="tests.test_execution_replay" name="test_m1_replay_marks_entry_stop_sequence_unknown" time="0.002" /><testcase classname="tests.test_execution_replay" name="test_m1_replay_resolves_order_across_separate_minutes" time="0.002" /><testcase classname="tests.test_execution_replay" name="test_causal_m1_profile_excludes_bars_unknown_at_cutoff" time="0.002" /><testcase classname="tests.test_financial_numeric_contracts" name="test_numeric_contracts_reject_invalid_values[0]" time="0.000" /><testcase classname="tests.test_financial_numeric_contracts" name="test_numeric_contracts_reject_invalid_values[nan]" time="0.000" /><testcase classname="tests.test_financial_numeric_contracts" name="test_numeric_contracts_reject_invalid_values[inf]" time="0.000" /><testcase classname="tests.test_financial_numeric_contracts" name="test_numeric_contracts_reject_invalid_values[-inf]" time="0.000" /><testcase classname="tests.test_financial_numeric_contracts" name="test_financial_edge_cases_fail_closed" time="0.001" /><testcase classname="tests.test_financial_numeric_contracts" name="test_broker_quantization_rejects_non_numeric_and_nonfinite[True]" time="0.000" /><testcase classname="tests.test_financial_numeric_contracts" name="test_broker_quantization_rejects_non_numeric_and_nonfinite[None]" time="0.000" /><testcase classname="tests.test_financial_numeric_contracts" name="test_broker_quantization_rejects_non_numeric_and_nonfinite[1]" time="0.001" /><testcase classname="tests.test_financial_numeric_contracts" name="test_broker_quantization_rejects_non_numeric_and_nonfinite[nan]" time="0.001" /><testcase classname="tests.test_financial_numeric_contracts" name="test_broker_quantization_rejects_non_numeric_and_nonfinite[inf]" time="0.001" /><testcase classname="tests.test_financial_numeric_contracts" name="test_broker_quantization_rejects_non_numeric_and_nonfinite[-inf]" time="0.001" /><testcase classname="tests.test_financial_numeric_contracts" name="test_decimal_quantization_never_increases_volume_risk" time="0.000" /><testcase classname="tests.test_forward_shadow" name="test_frozen_baseline_matches_engine_and_config" time="0.013" /><testcase classname="tests.test_forward_shadow" name="test_pair_cap_uses_only_prior_realized_terminal" time="0.001" /><testcase classname="tests.test_forward_shadow" name="test_ambiguous_prior_terminal_forces_watch" time="0.001" /><testcase classname="tests.test_forward_shadow" name="test_pair_cap_uses_exact_partial_r_and_composite_order_key" time="0.001" /><testcase classname="tests.test_forward_shadow" name="test_daily_gate_rejects_duplicate_bar" time="0.049" /><testcase classname="tests.test_forward_shadow" name="test_manual_alignment_never_uses_tp_or_sl" time="0.001" /><testcase classname="tests.test_forward_upgrade_transaction" name="test_forward_flat_acl_rights_are_materialized_before_cast" time="0.001" /><testcase classname="tests.test_forward_upgrade_transaction" name="test_forward_final_archive_seal_does_not_rewalk_locked_transactions" time="0.001" /><testcase classname="tests.test_forward_upgrade_transaction" name="test_forward_upgrade_is_signed_staged_and_leaves_tasks_stopped" time="0.002" /><testcase classname="tests.test_forward_upgrade_transaction" name="test_forward_upgrade_rollback_and_finally_are_fail_closed_on_running_code" time="0.001" /><testcase classname="tests.test_forward_upgrade_transaction" name="test_forward_upgrade_preserves_legacy_and_canonical_state" time="0.001" /><testcase classname="tests.test_forward_upgrade_transaction" name="test_forward_upgrade_acl_reset_preserves_effective_child_access" time="0.002" /><testcase classname="tests.test_forward_upgrade_transaction" name="test_forward_upgrade_reverification_uses_compatible_read_locks" time="0.001" /><testcase classname="tests.test_forward_upgrade_transaction" name="test_forward_upgrade_legacy_collision_keeps_real_hold_for_rollback" time="0.001" /><testcase classname="tests.test_forward_upgrade_transaction" name="test_forward_upgrade_candidates_are_atomic_and_fail_on_stale_files" time="0.001" /><testcase classname="tests.test_forward_upgrade_transaction" name="test_forward_upgrade_private_build_roots_and_parent_delete_guard_are_ordered" time="0.001" /><testcase classname="tests.test_forward_upgrade_transaction" name="test_forward_upgrade_private_trees_never_grant_the_caller_or_runner" time="0.002" /><testcase classname="tests.test_forward_upgrade_transaction" name="test_forward_upgrade_parent_guards_and_directory_swaps_are_race_closed" time="0.001" /><testcase classname="tests.test_forward_upgrade_transaction" name="test_forward_upgrade_bootstrap_inputs_are_sealed_signed_and_locked" time="0.001" /><testcase classname="tests.test_forward_upgrade_transaction" name="test_forward_parent_guard_ignores_unresolvable_read_only_aces" time="0.001" /><testcase classname="tests.test_forward_upgrade_transaction" name="test_forward_runner_proof_compares_canonical_principal_sid" time="0.001" /><testcase classname="tests.test_forward_upgrade_transaction" name="test_forward_upgrade_bootstrap_runtime_inputs_remain_locked" time="0.001" /><testcase classname="tests.test_forward_upgrade_transaction" name="test_forward_upgrade_seals_immutable_owners_and_can_recover_legacy_metadata" time="0.001" /><testcase classname="tests.test_forward_upgrade_transaction" name="test_forward_upgrade_candidates_are_private_readonly_transaction_copies" time="0.001" /><testcase classname="tests.test_forward_upgrade_transaction" name="test_forward_upgrade_seals_runtime_and_keeps_legacy_private_until_rollover" time="0.001" /><testcase classname="tests.test_forward_upgrade_transaction" name="test_forward_upgrade_legacy_acl_restore_avoids_sacl_privilege_dependency" time="0.001" /><testcase classname="tests.test_forward_upgrade_transaction" name="test_forward_upgrade_rollback_restores_app_before_legacy_state" time="0.001" /><testcase classname="tests.test_forward_upgrade_transaction" name="test_forward_upgrade_requires_a_proven_non_admin_runner_before_task_swap" time="0.001" /><testcase classname="tests.test_forward_upgrade_transaction" name="test_forward_runner_logon_rights_are_exact_and_transactional" time="0.001" /><testcase classname="tests.test_forward_upgrade_transaction" name="test_forward_integrity_helper_pin_matches_packaged_helper" time="0.001" /><testcase classname="tests.test_forward_upgrade_transaction" name="test_forward_upgrade_migrates_root_and_state_acls_transactionally" time="0.001" /><testcase classname="tests.test_forward_upgrade_transaction" name="test_forward_runner_probe_is_own_profile_no_send_and_cleans_up" time="0.001" /><testcase classname="tests.test_forward_upgrade_transaction" name="test_forward_launcher_and_upgrade_isolate_python_and_windows_tools" time="0.001" /><testcase classname="tests.test_forward_upgrade_transaction" name="test_forward_upgrader_is_self_pinned_and_locked_from_protected_program_files" time="0.001" /><testcase classname="tests.test_forward_upgrade_transaction" name="test_forward_terminal_proofs_are_demo_only_read_only_then_production_restored" time="0.001" /><testcase classname="tests.test_forward_upgrade_transaction" name="test_forward_task_settings_trigger_and_sentinel_are_canonical_and_rollbackable" time="0.001" /><testcase classname="tests.test_forward_upgrade_transaction" name="test_forward_flat_and_rollover_use_sealed_runner_request_contract" time="0.001" /><testcase classname="tests.test_halt_sweep" name="test_halt_is_persistent_and_flatten_claim_is_restart_safe" time="0.219" /><testcase classname="tests.test_halt_sweep" name="test_success_retcode_is_not_closed_until_exact_ticket_is_absent" time="0.151" /><testcase classname="tests.test_halt_sweep" name="test_halt_reconciles_acknowledged_ticket_to_closed_after_restart" time="0.185" /><testcase classname="tests.test_halt_sweep" name="test_read_error_releases_only_orphan_claim_and_does_not_write" time="0.084" /><testcase classname="tests.test_halt_sweep" name="test_concurrent_flatteners_have_one_claim_and_crashed_claim_is_recovered" time="0.277" /><testcase classname="tests.test_halt_sweep" name="test_two_process_stale_claim_takeover_cannot_delete_new_owner_claim[cycle]" time="0.369" /><testcase classname="tests.test_halt_sweep" name="test_two_process_stale_claim_takeover_cannot_delete_new_owner_claim[ticket]" time="0.331" /><testcase classname="tests.test_halt_sweep" name="test_close_requires_exact_position_ticket_and_error_envelopes_fail" time="0.000" /><testcase classname="tests.test_halt_sweep" name="test_fake_recovery_booleans_cannot_clear_canonical_halt_episode" time="0.100" /><testcase classname="tests.test_halt_sweep" name="test_signed_exact_recovery_clears_db_episode_only_after_audit_anchor" time="0.166" /><testcase classname="tests.test_htf_requalification" name="test_detects_bullish_fvg_and_body_close" time="0.002" /><testcase classname="tests.test_htf_requalification" name="test_detects_order_block_without_selector_weight" time="0.001" /><testcase classname="tests.test_htf_requalification" name="test_value_area_relevance_uses_existing_symbol_tolerance" time="0.000" /><testcase classname="tests.test_identity_scan_nested_outputs" name="test_denylist_covers_nested_tracked_untracked_ignored_and_history" time="0.941" /><testcase classname="tests.test_instrument_contract" name="test_broker_pip_size_is_not_required_when_signed_economic_semantics_exist" time="0.001" /><testcase classname="tests.test_instrument_contract" name="test_registry_requires_exact_case_sensitive_symbol_and_metadata" time="0.001" /><testcase classname="tests.test_instrument_contract" name="test_semantic_metadata_and_economic_probe_fail_closed" time="0.001" /><testcase classname="tests.test_live_architecture_boundary" name="test_signal_proposal_has_no_risk_or_broker_fields" time="0.001" /><testcase classname="tests.test_live_architecture_boundary" name="test_strategy_module_has_no_live_or_process_imports" time="0.024" /><testcase classname="tests.test_live_architecture_boundary" name="test_execution_accepts_approved_order_only" time="0.000" /><testcase classname="tests.test_live_architecture_boundary" name="test_super1_normal_constructor_owns_the_single_live_entry" time="0.001" /><testcase classname="tests.test_live_architecture_boundary" name="test_production_has_one_physical_mt5_write_port" time="1.280" /><testcase classname="tests.test_live_retry_policy" name="test_read_retries_at_most_five_with_full_jitter_and_no_write_retry" time="0.001" /><testcase classname="tests.test_live_retry_policy" name="test_retry_after_is_clamped_and_auth_contract_errors_are_not_retried" time="0.001" /><testcase classname="tests.test_live_retry_policy" name="test_five_failures_open_circuit_and_reopen_after_sixty_seconds" time="0.000" /><testcase classname="tests.test_live_retry_policy" name="test_http_date_and_single_auth_refresh_are_deterministic" time="0.001" /><testcase classname="tests.test_live_risk_guard" name="test_guard_approves_and_creates_order_only_after_live_facts_are_checked" time="0.001" /><testcase classname="tests.test_live_risk_guard" name="test_guard_denies_stale_snapshot_halt_and_nonfinite_inputs" time="0.001" /><testcase classname="tests.test_live_risk_guard" name="test_guard_denies_missing_approval_health_contract_or_budget" time="0.001" /><testcase classname="tests.test_live_risk_guard" name="test_v3_policy_enforces_broker_trade_counts_cooldown_and_exact_hashes" time="0.003" /><testcase classname="tests.test_machine_metric_mechanics" name="test_policy_blocks_only_requested_leg_and_context" time="0.013" /><testcase classname="tests.test_machine_metric_mechanics" name="test_frozen_machine_policy_blocks_only_selected_spx_sources" time="0.001" /><testcase classname="tests.test_machine_metric_mechanics" name="test_machine_policy_can_block_weekday_without_blocking_other_days" time="0.001" /><testcase classname="tests.test_manual_state" name="test_cisd_detector_emits_anchor_confirm_and_invalidation" time="0.002" /><testcase classname="tests.test_manual_state" name="test_thesis_episode_opposite_cisd_invalidates_without_granting_new_direction" time="0.002" /><testcase classname="tests.test_manual_state" name="test_htf_array_lifecycle_tracks_body_close_and_flip" time="0.003" /><testcase classname="tests.test_manual_state" name="test_va_flip_trigger_replaces_liquidity_requirement" time="0.001" /><testcase classname="tests.test_manual_state" name="test_controlling_array_requires_real_reaction_not_only_proximity" time="0.000" /><testcase classname="tests.test_manual_state" name="test_latest_tap_without_reaction_removes_controlling_status" time="0.000" /><testcase classname="tests.test_manual_state" name="test_ny_reaction_cannot_create_controlling_gate_by_default" time="0.000" /><testcase classname="tests.test_manual_state" name="test_manual_decision_carries_exact_exit_and_r_multiple" time="0.001" /><testcase classname="tests.test_manual_state" name="test_premarket_context_treats_reacted_htf_as_block_not_direction_source" time="0.001" /><testcase classname="tests.test_manual_state" name="test_premarket_context_requires_single_selected_liquidity_without_htf" time="0.001" /><testcase classname="tests.test_manual_state" name="test_order_block_requires_displacement_backed_fvg" time="0.003" /><testcase classname="tests.test_manual_state" name="test_single_premarket_va_reaction_does_not_override_selected_liquidity" time="0.001" /><testcase classname="tests.test_manual_state" name="test_htf_block_rejects_conflicting_va_reaction_without_authorizing_other_side" time="0.001" /><testcase classname="tests.test_manual_state" name="test_same_direction_requalification_does_not_terminate_pending_order" time="0.002" /><testcase classname="tests.test_manual_state" name="test_post_cisd_fvg_can_use_cisd_anchor_as_first_candle" time="0.001" /><testcase classname="tests.test_manual_state" name="test_preexisting_cisd_cannot_use_fvg_completed_before_new_authority" time="0.001" /><testcase classname="tests.test_manual_state" name="test_opposite_cisd_is_internal_until_active_protected_body_is_closed_through" time="0.002" /><testcase classname="tests.test_manual_state" name="test_opposite_cisd_reverses_after_protected_body_close" time="0.001" /><testcase classname="tests.test_manual_state" name="test_va_flip_cannot_bypass_htf_block_on_same_invalidation_candle" time="0.001" /><testcase classname="tests.test_manual_state" name="test_liquidity_selector_prefers_boundary_distance_before_name_priority" time="0.001" /><testcase classname="tests.test_manual_state" name="test_farther_swept_liquidity_does_not_satisfy_closest_selected_level" time="0.001" /><testcase classname="tests.test_manual_state" name="test_context_authority_separates_block_unlock_and_direction_grant" time="0.001" /><testcase classname="tests.test_manual_state" name="test_neutral_unlock_does_not_end_active_direction_authority" time="0.001" /><testcase classname="tests.test_manual_state" name="test_authority_aware_cisd_does_not_let_blocked_direction_own_structure" time="0.001" /><testcase classname="tests.test_manual_state" name="test_optional_liquidity_context_leaves_direction_to_structure" time="0.001" /><testcase classname="tests.test_manual_state" name="test_optional_structure_trigger_uses_first_qualified_cisd_direction" time="0.002" /><testcase classname="tests.test_manual_state" name="test_optional_structure_allows_qualified_protected_body_reversal" time="0.002" /><testcase classname="tests.test_manual_state" name="test_same_direction_context_grants_collapse_to_one_thesis_authority" time="0.000" /><testcase classname="tests.test_market_calendar" name="test_signed_calendar_covers_full_required_range_and_early_closes" time="0.013" /><testcase classname="tests.test_market_calendar" name="test_signed_calendar_matches_the_immutable_2022_2026_exchange_sets" time="0.001" /><testcase classname="tests.test_market_calendar" name="test_signed_calendar_rejects_out_of_coverage_requests" time="0.002" /><testcase classname="tests.test_market_calendar" name="test_custom_calendar_requires_explicit_hash_and_tamper_is_rejected" time="0.014" /><testcase classname="tests.test_mt5_write_port" name="test_mt5_write_port_claims_durable_order_once_and_blocks_restart_replay" time="0.166" /><testcase classname="tests.test_mt5_write_port" name="test_raw_operation_api_cannot_reach_broker" time="0.003" /><testcase classname="tests.test_optimization_walk_forward" name="test_optimization_is_deterministic_and_research_only" time="0.010" /><testcase classname="tests.test_optimization_walk_forward" name="test_study_schema_fails_closed[updates0]" time="0.004" /><testcase classname="tests.test_optimization_walk_forward" name="test_study_schema_fails_closed[updates1]" time="0.004" /><testcase classname="tests.test_optimization_walk_forward" name="test_study_schema_fails_closed[updates2]" time="0.008" /><testcase classname="tests.test_optimization_walk_forward" name="test_study_schema_fails_closed[updates3]" time="0.012" /><testcase classname="tests.test_optimization_walk_forward" name="test_walk_forward_selects_on_train_and_reports_oos_only" time="0.064" /><testcase classname="tests.test_order_approval" name="test_approval_is_lease_bound_and_expires_at_proposal_or_ttl" time="0.054" /><testcase classname="tests.test_order_approval" name="test_approval_rejects_missing_lease_and_exposes_only_local_commands" time="0.046" /><testcase classname="tests.test_order_approval" name="test_approval_rejects_staged_proposal_without_exact_wire_request_hash" time="0.050" /><testcase classname="tests.test_order_approval" name="test_runner_sid_cannot_approve_its_own_proposal" time="0.054" /><testcase classname="tests.test_order_approval" name="test_proposal_is_single_lifecycle_and_consumption_is_replay_safe" time="0.062" /><testcase classname="tests.test_order_approval" name="test_expired_consume_is_persisted_with_audit_in_same_store" time="0.060" /><testcase classname="tests.test_order_state_machine" name="test_legacy_values_and_new_approval_states_are_centralized" time="0.000" /><testcase classname="tests.test_order_state_machine" name="test_submitted_and_filled_require_broker_response" time="0.001" /><testcase classname="tests.test_order_state_machine" name="test_illegal_transition_audits_and_halts" time="0.000" /><testcase classname="tests.test_pending_order_lifecycle" name="test_legacy_fill_wrapper_still_returns_index" time="0.001" /><testcase classname="tests.test_pending_order_lifecycle" name="test_target_before_fill_has_explicit_terminal_reason" time="0.000" /><testcase classname="tests.test_pending_order_lifecycle" name="test_synthetic_target_can_be_ignored_when_manual_target_is_not_authoritative" time="0.000" /><testcase classname="tests.test_pending_order_lifecycle" name="test_opposite_cisd_cancels_pending_order" time="0.000" /><testcase classname="tests.test_pending_order_lifecycle" name="test_unfilled_order_reaches_trade_window_terminal" time="0.000" /><testcase classname="tests.test_phase0_characterization" name="test_phase0_legacy_send_armed_path_is_blocked_without_durable_write_adapter" time="0.354" /><testcase classname="tests.test_phase0_characterization" name="test_phase0_partial_fill_restart_reconciles_from_broker_state" time="0.570" /><testcase classname="tests.test_phase0_characterization" name="test_phase0_fatal_latch_blocks_daemon_restart" time="0.063" /><testcase classname="tests.test_phase0_characterization" name="test_phase0_missing_pair_leg_has_no_decision_or_order" time="0.011" /><testcase classname="tests.test_phase0_characterization" name="test_phase0_broker_deal_and_position_are_live_truth" time="0.472" /><testcase classname="tests.test_pinned_checkout_bytes" name="test_pinned_bytes_are_independent_of_autocrlf[true]" time="1.757" /><testcase classname="tests.test_pinned_checkout_bytes" name="test_pinned_bytes_are_independent_of_autocrlf[false]" time="1.772" /><testcase classname="tests.test_pinned_checkout_bytes" name="test_active_v4_chain_is_independent_of_autocrlf[true]" time="2.923" /><testcase classname="tests.test_pinned_checkout_bytes" name="test_active_v4_chain_is_independent_of_autocrlf[false]" time="2.894" /><testcase classname="tests.test_powershell_harness_newlines" name="test_harness_preserves_powershell_line_continuations[\n]" time="0.247" /><testcase classname="tests.test_powershell_harness_newlines" name="test_harness_preserves_powershell_line_continuations[\r\n]" time="0.261" /><testcase classname="tests.test_prepare_symlink_fixture" name="test_preparer_uses_supported_new_item_parameters_in_a_fresh_fixture" time="0.790" /><testcase classname="tests.test_production_order_flow" name="test_actual_super1_production_flow_sends_once_then_reconciles_fake_mt5" time="0.250" /><testcase classname="tests.test_public_identity_scan" name="test_concrete_account_identity_is_detected" time="0.001" /><testcase classname="tests.test_public_identity_scan" name="test_python_identity_literal_is_detected_without_evaluation" time="0.001" /><testcase classname="tests.test_public_identity_scan" name="test_powershell_account_comparison_literal_is_detected" time="0.001" /><testcase classname="tests.test_public_identity_scan" name="test_root_normalization_and_current_history_split" time="0.984" /><testcase classname="tests.test_public_identity_scan" name="test_structural_violation_is_reported_without_denylist_hit" time="0.304" /><testcase classname="tests.test_public_identity_scan" name="test_explicit_test_fixture_path_is_the_only_structural_exemption" time="0.346" /><testcase classname="tests.test_public_identity_scan" name="test_second_branch_and_annotated_tag_are_in_history_scope" time="0.923" /><testcase classname="tests.test_public_identity_scan" name="test_candidate_acceptance_ignores_dirty_main_but_repo_audit_finds_remote_tree_and_tag" time="4.625" /><testcase classname="tests.test_public_identity_scan" name="test_new_history_finding_is_outside_fixed_baseline" time="0.989" /><testcase classname="tests.test_public_identity_scan" name="test_cli_missing_denylist_is_blocked_and_structural_violation_fails" time="2.936" /><testcase classname="tests.test_public_identity_scan" name="test_tracked_public_tree_has_no_structural_identity" time="2.185" /><testcase classname="tests.test_risk_causality" name="test_future_loss_cannot_suppress_earlier_pair_entry" time="0.006" /><testcase classname="tests.test_risk_causality" name="test_realized_loss_suppresses_later_pair_entry" time="0.005" /><testcase classname="tests.test_risk_causality" name="test_terminal_time_is_required_for_causal_cap" time="0.002" /><testcase classname="tests.test_risk_causality" name="test_terminal_before_entry_is_rejected" time="0.002" /><testcase classname="tests.test_risk_causality" name="test_bar_label_is_shifted_to_close_time_when_timeframe_is_available" time="0.005" /><testcase classname="tests.test_risk_xray" name="test_risk_xray_is_fill_based_and_includes_zero_trade_eligible_days" time="0.020" /><testcase classname="tests.test_risk_xray" name="test_no_trades_and_no_gross_loss_are_null_not_zero_or_nonfinite" time="0.002" /><testcase classname="tests.test_risk_xray" name="test_risk_xray_rejects_closed_fill_without_terminal_time" time="0.001" /><testcase classname="tests.test_risk_xray" name="test_risk_xray_does_not_invent_open_interval_evidence" time="0.012" /><testcase classname="tests.test_runtime_settings" name="test_settings_are_typed_mode_aware_and_secret_safe" time="0.010" /><testcase classname="tests.test_runtime_settings" name="test_demo_order_missing_required_settings_fails_closed" time="0.001" /><testcase classname="tests.test_runtime_settings" name="test_protected_invocation_metadata_is_validated" time="0.001" /><testcase classname="tests.test_strategy_health" name="test_strategy_health_is_monotonic_and_decay_requires_checkpoint" time="0.003" /><testcase classname="tests.test_strategy_health" name="test_insufficient_baseline_blocks_promotion_and_severe_dd_decays_once" time="0.003" /><testcase classname="tests.test_strategy_health" name="test_decayed_disables_only_after_owned_exposure_is_flat" time="0.001" /><testcase classname="tests.test_strategy_health" name="test_canonical_deal_set_is_append_only" time="0.044" /><testcase classname="tests.test_super1_calendar" name="test_independent_calendar_extractions_match_each_other_and_runtime" time="0.059" /><testcase classname="tests.test_super1_calendar" name="test_runtime_calendar_tamper_is_blocked_before_super1_feature_use" time="0.023" /><testcase classname="tests.test_super1_calendar" name="test_calendar_extraction_mutation_fails_cross_source_and_runtime_checks" time="0.049" /><testcase classname="tests.test_super1_calendar" name="test_calendar_extraction_requires_explicit_source_location[NASDAQ_TRADING_CALENDAR_2026]" time="0.052" /><testcase classname="tests.test_super1_calendar" name="test_calendar_extraction_requires_explicit_source_location[NYSE_TRADING_CALENDAR_2026]" time="0.042" /><testcase classname="tests.test_super1_calendar" name="test_calendar_semantic_mutations_fail_through_full_validator[duplicate-key]" time="0.061" /><testcase classname="tests.test_super1_calendar" name="test_calendar_semantic_mutations_fail_through_full_validator[repeated-date]" time="0.069" /><testcase classname="tests.test_super1_calendar" name="test_calendar_semantic_mutations_fail_through_full_validator[outside-date]" time="0.062" /><testcase classname="tests.test_super1_calendar" name="test_calendar_semantic_mutations_fail_through_full_validator[wrong-provenance]" time="0.079" /><testcase classname="tests.test_super1_calendar" name="test_calendar_semantic_mutations_fail_through_full_validator[coverage-in-gap]" time="0.031" /><testcase classname="tests.test_super1_calendar" name="test_calendar_semantic_mutations_fail_through_full_validator[coverage-outside]" time="0.030" /><testcase classname="tests.test_super1_calendar" name="test_calendar_semantic_mutations_fail_through_full_validator[wrong-timezone]" time="0.034" /><testcase classname="tests.test_super1_calendar" name="test_calendar_semantic_mutations_fail_through_full_validator[wrong-normal-start]" time="0.032" /><testcase classname="tests.test_super1_calendar" name="test_calendar_semantic_mutations_fail_through_full_validator[wrong-normal-end]" time="0.029" /><testcase classname="tests.test_super1_calendar" name="test_calendar_semantic_mutations_fail_through_full_validator[wrong-early-start]" time="0.038" /><testcase classname="tests.test_super1_calendar" name="test_calendar_semantic_mutations_fail_through_full_validator[wrong-early-end]" time="0.037" /><testcase classname="tests.test_super1_calendar" name="test_calendar_semantic_mutations_fail_through_full_validator[calendar-provenance]" time="0.060" /><testcase classname="tests.test_super1_continuation" name="test_verified_signature_status_alone_is_not_accepted" time="0.001" /><testcase classname="tests.test_super1_continuation" name="test_rsa_transition_payload_binds_all_external_fields_and_chain" time="0.222" /><testcase classname="tests.test_super1_continuation" name="test_transition_semantic_negatives_are_rejected_with_fresh_signatures" time="0.885" /><testcase classname="tests.test_super1_continuation" name="test_transition_snapshot_manifest_and_predecessor_mutations_fail" time="0.106" /><testcase classname="tests.test_super1_continuation" name="test_exclusive_writer_rejects_existing_source_contained_and_reparse_outputs" time="0.250" /><testcase classname="tests.test_super1_continuation" name="test_m01_pre_capture_inventory_and_retention_are_exact_and_case_safe[existing_empty_output]" time="0.035" /><testcase classname="tests.test_super1_continuation" name="test_m01_pre_capture_inventory_and_retention_are_exact_and_case_safe[existing_nonempty_output]" time="0.026" /><testcase classname="tests.test_super1_continuation" name="test_m01_pre_capture_inventory_and_retention_are_exact_and_case_safe[source_case_equivalent]" time="0.026" /><testcase classname="tests.test_super1_continuation" name="test_m01_pre_capture_inventory_and_retention_are_exact_and_case_safe[source_descendant]" time="0.027" /><testcase classname="tests.test_super1_continuation" name="test_m01_pre_capture_inventory_and_retention_are_exact_and_case_safe[source_exact]" time="0.028" /><testcase classname="tests.test_super1_continuation" name="test_m01_pre_capture_inventory_and_retention_are_exact_and_case_safe[windows_junction]" time="0.024" /><testcase classname="tests.test_super1_continuation" name="test_inventory_and_real_sqlite_backup_snapshot_reject_all_mutations" time="0.818" /><testcase classname="tests.test_super1_continuation" name="test_uncheckpointed_wal_last_commit_is_in_backup_and_wal_loss_is_specific" time="0.454" /><testcase classname="tests.test_super1_continuation" name="test_super1_harness_scope_is_ordered_and_not_capital_scope" time="0.006" /><testcase classname="tests.test_super1_continuation" name="test_m02_release_archive_mutation_is_rejected[changed_member]" time="0.094" /><testcase classname="tests.test_super1_continuation" name="test_m02_release_archive_mutation_is_rejected[credential_member]" time="0.059" /><testcase classname="tests.test_super1_continuation" name="test_m02_release_archive_mutation_is_rejected[duplicate_member]" time="0.110" /><testcase classname="tests.test_super1_continuation" name="test_m02_release_archive_mutation_is_rejected[extra_member]" time="0.057" /><testcase classname="tests.test_super1_continuation" name="test_m02_release_archive_mutation_is_rejected[forbidden_member]" time="0.059" /><testcase classname="tests.test_super1_continuation" name="test_m02_release_archive_mutation_is_rejected[missing_member]" time="0.055" /><testcase classname="tests.test_super1_continuation" name="test_m02_release_archive_mutation_is_rejected[non_normalized_member]" time="0.158" /><testcase classname="tests.test_super1_continuation" name="test_m02_release_archive_mutation_is_rejected[traversal_member]" time="0.109" /><testcase classname="tests.test_super1_continuation" name="test_m02_transition_mutation_is_rejected_with_fresh_signature[account]" time="0.108" /><testcase classname="tests.test_super1_continuation" name="test_m02_transition_mutation_is_rejected_with_fresh_signature[calendar_bytes]" time="0.149" /><testcase classname="tests.test_super1_continuation" name="test_m02_transition_mutation_is_rejected_with_fresh_signature[campaign_lock]" time="0.105" /><testcase classname="tests.test_super1_continuation" name="test_m02_transition_mutation_is_rejected_with_fresh_signature[contract_bytes]" time="0.061" /><testcase classname="tests.test_super1_continuation" name="test_m02_transition_mutation_is_rejected_with_fresh_signature[frozen_state]" time="0.072" /><testcase classname="tests.test_super1_continuation" name="test_m02_transition_mutation_is_rejected_with_fresh_signature[genesis_transition_signature]" time="0.164" /><testcase classname="tests.test_super1_continuation" name="test_m02_transition_mutation_is_rejected_with_fresh_signature[harness_bytes]" time="0.088" /><testcase classname="tests.test_super1_continuation" name="test_m02_transition_mutation_is_rejected_with_fresh_signature[missing_required_field]" time="0.057" /><testcase classname="tests.test_super1_continuation" name="test_m02_transition_mutation_is_rejected_with_fresh_signature[old_new_release_link]" time="0.143" /><testcase classname="tests.test_super1_continuation" name="test_m02_transition_mutation_is_rejected_with_fresh_signature[r0_archive_sha]" time="0.083" /><testcase classname="tests.test_super1_continuation" name="test_m02_transition_mutation_is_rejected_with_fresh_signature[r0_manifest_signature]" time="0.055" /><testcase classname="tests.test_super1_continuation" name="test_m02_transition_mutation_is_rejected_with_fresh_signature[r0_member_sha]" time="0.110" /><testcase classname="tests.test_super1_continuation" name="test_m02_transition_mutation_is_rejected_with_fresh_signature[r1_archive_sha]" time="0.051" /><testcase classname="tests.test_super1_continuation" name="test_m02_transition_mutation_is_rejected_with_fresh_signature[r1_member_sha]" time="0.096" /><testcase classname="tests.test_super1_continuation" name="test_m02_transition_mutation_is_rejected_with_fresh_signature[release_binding]" time="0.077" /><testcase classname="tests.test_super1_continuation" name="test_m02_transition_mutation_is_rejected_with_fresh_signature[replay]" time="0.063" /><testcase classname="tests.test_super1_continuation" name="test_m02_transition_mutation_is_rejected_with_fresh_signature[risk_parameters]" time="0.141" /><testcase classname="tests.test_super1_continuation" name="test_m02_transition_mutation_is_rejected_with_fresh_signature[runtime_bytes]" time="0.071" /><testcase classname="tests.test_super1_continuation" name="test_m02_transition_mutation_is_rejected_with_fresh_signature[server]" time="0.063" /><testcase classname="tests.test_super1_continuation" name="test_m02_transition_mutation_is_rejected_with_fresh_signature[snapshot_member]" time="0.201" /><testcase classname="tests.test_super1_continuation" name="test_m02_transition_mutation_is_rejected_with_fresh_signature[structural_cycle]" time="0.063" /><testcase classname="tests.test_super1_continuation" name="test_m02_transition_mutation_is_rejected_with_fresh_signature[synthetic_genesis_flag_only]" time="0.138" /><testcase classname="tests.test_super1_continuation" name="test_m02_transition_mutation_is_rejected_with_fresh_signature[synthetic_genesis_root_only]" time="0.094" /><testcase classname="tests.test_super1_continuation" name="test_m02_transition_mutation_is_rejected_with_fresh_signature[wrong_trust_root]" time="0.109" /><testcase classname="tests.test_super1_continuation" name="test_m03_snapshot_mutation_is_rejected_with_exact_code[cancel_armed]" time="0.352" /><testcase classname="tests.test_super1_continuation" name="test_m03_snapshot_mutation_is_rejected_with_exact_code[deal]" time="0.338" /><testcase classname="tests.test_super1_continuation" name="test_m03_snapshot_mutation_is_rejected_with_exact_code[duplicate_terminal]" time="0.350" /><testcase classname="tests.test_super1_continuation" name="test_m03_snapshot_mutation_is_rejected_with_exact_code[entry_constant]" time="0.354" /><testcase classname="tests.test_super1_continuation" name="test_m03_snapshot_mutation_is_rejected_with_exact_code[external_identity]" time="0.363" /><testcase classname="tests.test_super1_continuation" name="test_m03_snapshot_mutation_is_rejected_with_exact_code[lookback]" time="0.357" /><testcase classname="tests.test_super1_continuation" name="test_m03_snapshot_mutation_is_rejected_with_exact_code[magic]" time="0.359" /><testcase classname="tests.test_super1_continuation" name="test_m03_snapshot_mutation_is_rejected_with_exact_code[missing_required_field]" time="0.357" /><testcase classname="tests.test_super1_continuation" name="test_m03_snapshot_mutation_is_rejected_with_exact_code[missing_required_file]" time="0.332" /><testcase classname="tests.test_super1_continuation" name="test_m03_snapshot_mutation_is_rejected_with_exact_code[negative_scale]" time="0.359" /><testcase classname="tests.test_super1_continuation" name="test_m03_snapshot_mutation_is_rejected_with_exact_code[nonnegative_scale]" time="0.340" /><testcase classname="tests.test_super1_continuation" name="test_m03_snapshot_mutation_is_rejected_with_exact_code[out_constant]" time="0.345" /><testcase classname="tests.test_super1_continuation" name="test_m03_snapshot_mutation_is_rejected_with_exact_code[outbox_ack]" time="0.368" /><testcase classname="tests.test_super1_continuation" name="test_m03_snapshot_mutation_is_rejected_with_exact_code[outbox_content]" time="0.372" /><testcase classname="tests.test_super1_continuation" name="test_m03_snapshot_mutation_is_rejected_with_exact_code[outbox_sequence]" time="0.461" /><testcase classname="tests.test_super1_continuation" name="test_m03_snapshot_mutation_is_rejected_with_exact_code[position]" time="0.360" /><testcase classname="tests.test_super1_continuation" name="test_m03_snapshot_mutation_is_rejected_with_exact_code[reward_map]" time="0.355" /><testcase classname="tests.test_super1_continuation" name="test_m03_snapshot_mutation_is_rejected_with_exact_code[signed_config_path]" time="0.372" /><testcase classname="tests.test_super1_continuation" name="test_m03_snapshot_mutation_is_rejected_with_exact_code[signed_config_sha]" time="0.354" /><testcase classname="tests.test_super1_continuation" name="test_m03_snapshot_mutation_is_rejected_with_exact_code[sl_constant]" time="0.346" /><testcase classname="tests.test_super1_continuation" name="test_m03_snapshot_mutation_is_rejected_with_exact_code[submitted]" time="0.370" /><testcase classname="tests.test_super1_continuation" name="test_m03_snapshot_mutation_is_rejected_with_exact_code[symbol]" time="0.350" /><testcase classname="tests.test_super1_continuation" name="test_m03_snapshot_mutation_is_rejected_with_exact_code[terminal_history_days]" time="0.344" /><testcase classname="tests.test_super1_continuation" name="test_m03_snapshot_mutation_is_rejected_with_exact_code[tp_constant]" time="0.404" /><testcase classname="tests.test_super1_continuation" name="test_m03_snapshot_mutation_is_rejected_with_exact_code[unknown]" time="0.365" /><testcase classname="tests.test_super1_continuation" name="test_m03_uncheckpointed_wal_continuity[minute_bars_and_conflicts]" time="0.462" /><testcase classname="tests.test_super1_continuation" name="test_m03_uncheckpointed_wal_continuity[order_store]" time="0.454" /><testcase classname="tests.test_super1_instruction_1_11" name="test_account_daily_counts_include_foreign_campaign_and_unknown_facts_fail_closed" time="0.001" /><testcase classname="tests.test_super1_instruction_1_11" name="test_risk_guard_rejects_account_cap_and_outside_whitelist" time="0.001" /><testcase classname="tests.test_super1_instruction_1_11" name="test_entry_slot_reservation_is_atomic_across_two_connections" time="0.081" /><testcase classname="tests.test_super1_instruction_1_11" name="test_retry_only_retries_explicit_read_transport_and_write_is_once" time="0.000" /><testcase classname="tests.test_super1_instruction_1_11" name="test_symbol_metadata_tick_and_economic_fingerprint_are_exact" time="0.000" /><testcase classname="tests.test_super1_instruction_1_11" name="test_warmup_is_context_only_and_planned_closure_is_not_missing_data" time="0.003" /><testcase classname="tests.test_super1_instruction_1_11" name="test_research_study_rejects_overlap_and_never_publishes_promotable_empty_result" time="0.020" /><testcase classname="tests.test_super1_instruction_1_11" name="test_risk_xray_uses_null_reasons_for_undefined_metrics_and_rejects_open_fills" time="0.007" /><testcase classname="tests.test_super1_instruction_1_11" name="test_strategy_health_blocks_late_terminal_deal_after_cursor" time="0.000" /><testcase classname="tests.test_super1_instruction_1_11" name="test_settings_reject_unknown_project_env_but_redact_secrets" time="0.000" /><testcase classname="tests.test_super1_instruction_1_11" name="test_financial_contracts_reject_unsafe_denominators_and_nonfinite_quantization" time="0.000" /><testcase classname="tests.test_super1_observation" name="test_observation_writer_is_unique_and_contains_checkpoint_bound_raw_capture" time="0.048" /><testcase classname="tests.test_super1_observation" name="test_evidence_report_rejects_junit_pass_without_two_suite_observations" time="0.160" /><testcase classname="tests.test_super1_observation" name="test_v03_actual_tamper_is_rejected" time="0.053" /><testcase classname="tests.test_super1_observation" name="test_v02_required_node_without_record_actual_fails_session" time="0.010" /><testcase classname="tests.test_super1_observation" name="test_v02_required_node_double_record_actual_fails_session" time="0.032" /><testcase classname="tests.test_super1_observation" name="test_v02_required_node_without_checkpoint_fails_session" time="0.005" /><testcase classname="tests.test_super1_observation" name="test_v02_required_node_double_checkpoint_fails_session" time="0.012" /><testcase classname="tests.test_super1_observation" name="test_v02_nonrequired_node_observation_is_rejected" time="0.004" /><testcase classname="tests.test_super1_observation" name="test_v03_evidence_and_publication_protocol_case[attempt_id_split]" time="0.010" /><testcase classname="tests.test_super1_observation" name="test_v03_evidence_and_publication_protocol_case[authoritative_before_verified_receipt]" time="0.017" /><testcase classname="tests.test_super1_observation" name="test_v03_evidence_and_publication_protocol_case[baseline_before_fail_after_pass_contract]" time="0.017" /><testcase classname="tests.test_super1_observation" name="test_v03_evidence_and_publication_protocol_case[baseline_hash_mismatch]" time="0.010" /><testcase classname="tests.test_super1_observation" name="test_v03_evidence_and_publication_protocol_case[baseline_missing]" time="0.010" /><testcase classname="tests.test_super1_observation" name="test_v03_evidence_and_publication_protocol_case[canonical_run_name_collision]" time="0.013" /><testcase classname="tests.test_super1_observation" name="test_v03_evidence_and_publication_protocol_case[claim_formula_changed]" time="0.008" /><testcase classname="tests.test_super1_observation" name="test_v03_evidence_and_publication_protocol_case[csv_temp_path]" time="0.013" /><testcase classname="tests.test_super1_observation" name="test_v03_evidence_and_publication_protocol_case[decoded_final_stdout_tamper]" time="0.011" /><testcase classname="tests.test_super1_observation" name="test_v03_evidence_and_publication_protocol_case[decoded_prepublish_stdout_tamper]" time="0.010" /><testcase classname="tests.test_super1_observation" name="test_v03_evidence_and_publication_protocol_case[diff_temp_path]" time="0.014" /><testcase classname="tests.test_super1_observation" name="test_v03_evidence_and_publication_protocol_case[fake_trace_actual]" time="0.303" /><testcase classname="tests.test_super1_observation" name="test_v03_evidence_and_publication_protocol_case[final_failure_quarantine_mismatch]" time="0.015" /><testcase classname="tests.test_super1_observation" name="test_v03_evidence_and_publication_protocol_case[junit_duplicate_required_node]" time="0.015" /><testcase classname="tests.test_super1_observation" name="test_v03_evidence_and_publication_protocol_case[junit_foreign_node]" time="0.012" /><testcase classname="tests.test_super1_observation" name="test_v03_evidence_and_publication_protocol_case[junit_missing_required_node]" time="0.016" /><testcase classname="tests.test_super1_observation" name="test_v03_evidence_and_publication_protocol_case[log_temp_path]" time="0.011" /><testcase classname="tests.test_super1_observation" name="test_v03_evidence_and_publication_protocol_case[mandatory_xm_config_missing]" time="0.011" /><testcase classname="tests.test_super1_observation" name="test_v03_evidence_and_publication_protocol_case[manifest_extra]" time="0.014" /><testcase classname="tests.test_super1_observation" name="test_v03_evidence_and_publication_protocol_case[manifest_missing]" time="0.013" /><testcase classname="tests.test_super1_observation" name="test_v03_evidence_and_publication_protocol_case[nested_json_absolute_path]" time="0.016" /><testcase classname="tests.test_super1_observation" name="test_v03_evidence_and_publication_protocol_case[normative_required_set_mismatch]" time="0.012" /><testcase classname="tests.test_super1_observation" name="test_v03_evidence_and_publication_protocol_case[predecessor_changed]" time="0.013" /><testcase classname="tests.test_super1_observation" name="test_v03_evidence_and_publication_protocol_case[preseal_hash_changed]" time="0.010" /><testcase classname="tests.test_super1_observation" name="test_v03_evidence_and_publication_protocol_case[preseal_inventory_changed]" time="0.008" /><testcase classname="tests.test_super1_observation" name="test_v03_evidence_and_publication_protocol_case[raw_checkpoint_mismatch]" time="0.248" /><testcase classname="tests.test_super1_observation" name="test_v03_evidence_and_publication_protocol_case[raw_identity_mismatch]" time="0.271" /><testcase classname="tests.test_super1_observation" name="test_v03_evidence_and_publication_protocol_case[receipt_failure_quarantine_mismatch]" time="0.012" /><testcase classname="tests.test_super1_observation" name="test_v03_evidence_and_publication_protocol_case[receipt_name_collision]" time="0.010" /><testcase classname="tests.test_super1_observation" name="test_v03_evidence_and_publication_protocol_case[receipt_partial_write]" time="0.013" /><testcase classname="tests.test_super1_observation" name="test_v03_evidence_and_publication_protocol_case[receipt_verifier_source_sha_mismatch]" time="0.015" /><testcase classname="tests.test_super1_observation" name="test_v03_evidence_and_publication_protocol_case[semantic_verifier_source_sha_mismatch]" time="0.017" /><testcase classname="tests.test_super1_observation" name="test_v03_evidence_and_publication_protocol_case[stale_required_set]" time="0.010" /><testcase classname="tests.test_super1_observation" name="test_v02_foreign_run_id_is_rejected" time="0.062" /><testcase classname="tests.test_super1_observation" name="test_v02_foreign_suite_is_rejected" time="0.059" /><testcase classname="tests.test_super1_observation" name="test_v02_foreign_nodeid_is_rejected" time="0.052" /><testcase classname="tests.test_super1_observation" name="test_v02_foreign_scenario_nonce_is_rejected" time="0.058" /><testcase classname="tests.test_super1_observation" name="test_v02_foreign_attempt_is_rejected" time="0.058" /><testcase classname="tests.test_super1_observation" name="test_v02_foreign_checkpoint_is_rejected" time="0.058" /><testcase classname="tests.test_super1_observation" name="test_v03_trace_actual_override_is_rejected" time="0.244" /><testcase classname="tests.test_super1_observation" name="test_v03_trace_tamper_is_rejected" time="0.222" /><testcase classname="tests.test_super1_observation" name="test_v03_ledger_tamper_is_rejected" time="0.212" /><testcase classname="tests.test_super1_observation" name="test_v03_snapshot_tamper_is_rejected" time="0.096" /><testcase classname="tests.test_super1_observation" name="test_v03_missing_raw_source_is_rejected" time="0.223" /><testcase classname="tests.test_super1_observation" name="test_v03_stale_raw_source_from_other_attempt_is_rejected" time="0.234" /><testcase classname="tests.test_super1_observation" name="test_v03_test_supplied_expected_is_rejected" time="0.011" /><testcase classname="tests.test_super1_observation" name="test_v03_test_supplied_measurement_is_rejected" time="0.012" /><testcase classname="tests.test_super1_risk_e2e" name="test_production_flow_partial_close_costs_and_daily_loss_are_no_send" time="0.124" /><testcase classname="tests.test_super1_risk_e2e" name="test_production_flow_history_entry_drives_cooldown_and_is_no_send" time="0.124" /><testcase classname="tests.test_super1_risk_e2e" name="test_production_flow_stale_snapshot_is_no_send" time="0.151" /><testcase classname="tests.test_super1_risk_e2e" name="test_production_flow_missing_full_history_is_no_send" time="0.124" /><testcase classname="tests.test_super1_risk_e2e" name="test_unconvertible_historical_close_is_no_send" time="0.125" /><testcase classname="tests.test_super1_risk_e2e" name="test_two_campaigns_see_account_wide_daily_cap_and_both_are_no_send" time="0.237" /><testcase classname="tests.test_super1_risk_e2e" name="test_second_snapshot_minus_one_r_is_no_send" time="0.191" /><testcase classname="tests.test_super1_risk_e2e" name="test_second_snapshot_partial_close_costs_pushes_loss_to_minus_one_r" time="0.239" /><testcase classname="tests.test_super1_risk_e2e" name="test_second_snapshot_cooldown_is_no_send" time="0.195" /><testcase classname="tests.test_super1_risk_e2e" name="test_second_snapshot_daily_count_is_no_send" time="0.210" /><testcase classname="tests.test_super1_risk_e2e" name="test_second_snapshot_total_exposure_is_no_send" time="0.193" /><testcase classname="tests.test_super1_risk_e2e" name="test_second_snapshot_stale_at_final_clock_is_no_send" time="0.207" /><testcase classname="tests.test_super1_risk_e2e" name="test_cached_second_query_is_fail_closed_and_no_send" time="0.194" /><testcase classname="tests.test_super1_risk_e2e" name="test_second_query_same_sequence_is_fail_closed_and_no_send" time="0.202" /><testcase classname="tests.test_super1_risk_e2e" name="test_second_query_started_before_approval_is_fail_closed_and_no_send" time="0.191" /><testcase classname="tests.test_super1_risk_e2e" name="test_two_processes_same_account_same_sqlite_cannot_interleave_daily_slots" time="1.117" /><testcase classname="tests.test_super1_risk_e2e" name="test_read_only_mt5_acceptance_uses_only_reads_and_redacts_identity" time="0.001" /><testcase classname="tests.test_super1_risk_e2e" name="test_read_only_mt5_proxy_traps_every_declared_write_api" time="0.001" /><testcase classname="tests.test_super1_rollback_harness" name="test_power_shell_rollback_harness_latches_all_injected_failures" time="30.811" /><testcase classname="tests.test_super1_rollback_harness" name="test_o01_harness_uses_same_policy_ast_contract" time="0.001" /><testcase classname="tests.test_super1_rollback_harness" name="test_o01_production_policy_call_ast_contract" time="0.001" /><testcase classname="tests.test_super1_rollback_harness" name="test_o01_removed_policy_call_mutation_fails" time="0.001" /><testcase classname="tests.test_super1_rollback_harness" name="test_o01_rollover_failure_policy_case[running_no_mutation_safe]" time="1.551" /><testcase classname="tests.test_super1_rollback_harness" name="test_o01_rollover_failure_policy_case[stopped_safe_restore]" time="1.552" /><testcase classname="tests.test_super1_rollback_harness" name="test_o01_rollover_failure_policy_case[preexisting_fatal]" time="2.635" /><testcase classname="tests.test_super1_rollback_harness" name="test_o01_rollover_failure_policy_case[preexisting_recovery]" time="2.659" /><testcase classname="tests.test_super1_rollback_harness" name="test_o01_rollover_failure_policy_case[restore_failure]" time="2.695" /><testcase classname="tests.test_super1_rollback_harness" name="test_o01_rollover_failure_policy_case[old_hash_failure]" time="2.660" /><testcase classname="tests.test_super1_rollback_harness" name="test_o01_rollover_failure_policy_case[main_start_failure]" time="2.653" /><testcase classname="tests.test_super1_rollback_harness" name="test_o01_rollover_failure_policy_case[watchdog_start_failure]" time="2.635" /><testcase classname="tests.test_super1_rollback_harness" name="test_o01_rollover_failure_policy_case[old_health_failure]" time="2.652" /><testcase classname="tests.test_super1_rollback_harness" name="test_o01_rollover_failure_policy_case[post_start_timeout]" time="2.583" /><testcase classname="tests.test_super1_rollback_harness" name="test_o01_rollover_failure_policy_case[post_watchdog_failure]" time="2.592" /><testcase classname="tests.test_super1_rollback_harness" name="test_o01_rollover_failure_policy_case[stop_failure]" time="2.577" /><testcase classname="tests.test_super1_rollback_harness" name="test_o01_rollover_failure_policy_case[evidence_writer_io_failure]" time="2.589" /><testcase classname="tests.test_super1_rollback_harness" name="test_o01_rollover_failure_policy_case[both_latch_writes_fail]" time="1.524" /><testcase classname="tests.test_super1_rollback_harness" name="test_o01_rollover_failure_policy_case[fatal_only_partial]" time="2.568" /><testcase classname="tests.test_super1_rollback_harness" name="test_o01_rollover_failure_policy_case[recovery_only_partial]" time="2.567" /><testcase classname="tests.test_super1_rollback_harness" name="test_o01_startup_gate_rejects_latch[fatal_only]" time="2.598" /><testcase classname="tests.test_super1_rollback_harness" name="test_o01_startup_gate_rejects_latch[recovery_only]" time="2.584" /><testcase classname="tests.test_super1_runtime_hardening" name="test_super1_manifest_is_local_manual_demo_only" time="0.001" /><testcase classname="tests.test_super1_runtime_hardening" name="test_lease_binds_identity_and_order_window" time="0.052" /><testcase classname="tests.test_super1_runtime_hardening" name="test_trade_date_ny_uses_one_injected_utc_clock[instant0-2026-01-15]" time="0.001" /><testcase classname="tests.test_super1_runtime_hardening" name="test_trade_date_ny_uses_one_injected_utc_clock[instant1-2026-09-05]" time="0.000" /><testcase classname="tests.test_super1_runtime_hardening" name="test_trade_date_ny_uses_one_injected_utc_clock[instant2-2026-09-06]" time="0.000" /><testcase classname="tests.test_super1_runtime_hardening" name="test_trade_date_ny_uses_one_injected_utc_clock[instant3-2026-03-08]" time="0.000" /><testcase classname="tests.test_super1_runtime_hardening" name="test_trade_date_ny_uses_one_injected_utc_clock[instant4-2026-11-01]" time="0.001" /><testcase classname="tests.test_super1_runtime_hardening" name="test_account_binding_mismatch_is_no_send" time="0.001" /><testcase classname="tests.test_super1_runtime_hardening" name="test_contract_subprocess_exposes_all_protected_paths" time="0.257" /><testcase classname="tests.test_super1_runtime_hardening" name="test_contract_path_resolver_returns_release_triple" time="0.211" /><testcase classname="tests.test_super1_runtime_hardening" name="test_r8_read_only_lease_cli_classifies_missing_without_runtime_imports" time="0.113" /><testcase classname="tests.test_super1_runtime_hardening" name="test_r8_readiness_is_a_validated_child_process_and_failure_is_transactional" time="0.001" /><testcase classname="tests.test_super1_runtime_hardening" name="test_r8_production_order_source_has_no_fake_adapter_or_jsonl_source" time="0.001" /><testcase classname="tests.test_super1_runtime_hardening" name="test_r8_runner_can_only_read_immutable_release_manifest_by_install_contract" time="0.001" /><testcase classname="tests.test_super1_runtime_hardening" name="test_contract_member_accesses_are_checked_with_powershell_ast" time="0.798" /><testcase classname="tests.test_super1_runtime_hardening" name="test_missing_health_contract_fails_in_real_powershell" time="0.285" /><testcase classname="tests.test_super1_runtime_hardening" name="test_installer_requires_r7_parameters_before_admin_gate" time="0.274" /><testcase classname="tests.test_super1_runtime_hardening" name="test_installer_does_not_fallback_to_root_archive" time="0.276" /><testcase classname="tests.test_super1_runtime_hardening" name="test_legacy_outbox_is_migrated_to_unique_event_id" time="0.059" /><testcase classname="tests.test_super1_runtime_hardening" name="test_outbox_replay_deduplicates_jsonl_by_stable_id" time="0.104" /><testcase classname="tests.test_super1_runtime_hardening" name="test_outbox_event_json_contains_the_same_event_id" time="0.060" /><testcase classname="tests.test_super1_runtime_hardening" name="test_outbox_replace_failure_keeps_committed_event_replayable" time="0.118" /><testcase classname="tests.test_super1_runtime_hardening" name="test_outbox_unique_constraint_rejects_duplicate_ids" time="0.075" /><testcase classname="tests.test_super1_runtime_hardening" name="test_corrupt_order_database_fails_closed" time="0.006" /><testcase classname="tests.test_super1_runtime_hardening" name="test_terminal_intent_cannot_transition_back_to_executable_state" time="0.155" /><testcase classname="tests.test_super1_runtime_hardening" name="test_expired_lease_is_rejected_before_order_window" time="0.025" /><testcase classname="tests.test_super1_runtime_hardening" name="test_revoked_lease_is_rejected_fail_closed" time="0.021" /><testcase classname="tests.test_super1_runtime_hardening" name="test_wrong_release_lease_is_rejected" time="0.026" /><testcase classname="tests.test_super1_runtime_hardening" name="test_wrong_campaign_lease_identity_is_not_silent" time="0.022" /><testcase classname="tests.test_super1_runtime_hardening" name="test_final_gate_accepts_fresh_flat_margin_safe_request" time="0.003" /><testcase classname="tests.test_super1_runtime_hardening" name="test_final_gate_rejects_stale_tick" time="0.003" /><testcase classname="tests.test_super1_runtime_hardening" name="test_final_gate_rejects_crossed_or_nan_tick" time="0.002" /><testcase classname="tests.test_super1_runtime_hardening" name="test_final_gate_rejects_high_spread" time="0.003" /><testcase classname="tests.test_super1_runtime_hardening" name="test_final_gate_rejects_margin_over_quarter_free_margin" time="0.002" /><testcase classname="tests.test_super1_runtime_hardening" name="test_final_gate_rejects_non_marketable_long_limit
[...]
testcase classname="tests.test_super1_xm_forward" name="test_c02_promotion_rechecks_entry_gates[global_entry_blocked]" time="0.001" /><testcase classname="tests.test_super1_xm_forward" name="test_c02_unresolved_requires_strictly_newer_evidence[cutoff_regression]" time="0.091" /><testcase classname="tests.test_super1_xm_forward" name="test_c02_unresolved_requires_strictly_newer_evidence[observed_at_not_later]" time="0.091" /><testcase classname="tests.test_super1_xm_forward" name="test_c02_unresolved_requires_strictly_newer_evidence[raw_sha_unchanged]" time="0.090" /><testcase classname="tests.test_super1_xm_forward" name="test_c02_unresolved_requires_strictly_newer_evidence[revision_not_higher]" time="0.090" /><testcase classname="tests.test_super1_xm_forward" name="test_c02_strictly_newer_filter_evidence_promotes_only_inside_window[window-open]" time="0.137" /><testcase classname="tests.test_super1_xm_forward" name="test_c02_strictly_newer_filter_evidence_promotes_only_inside_window[window-closed]" time="0.130" /><testcase classname="tests.test_trade_statistics" name="test_negative_open_trade_is_mark_to_market_not_realized_loss" time="0.017" /><testcase classname="tests.test_v16_deployment_contract" name="test_stage_binds_sha_directory_and_upgrader_to_manifest_hash" time="0.746" /><testcase classname="tests.test_v16_deployment_contract" name="test_stage_normalizes_all_hashes_before_case_sensitive_comparison" time="0.751" /><testcase classname="tests.test_v16_deployment_contract" name="test_smoke_uses_exact_trusted_host_and_script_path" time="0.827" /><testcase classname="tests.test_v16_deployment_contract" name="test_smoke_output_uses_modify_runner_rights" time="0.854" /><testcase classname="tests.test_v16_deployment_contract" name="test_smoke_stop_unconfirmed_retains_request_locks" time="2.024" /><testcase classname="tests.test_v16_deployment_contract" name="test_smoke_cleanup_error_blocks_pass_output" time="1.934" /><testcase classname="tests.test_v16_deployment_contract" name="test_smoke_production_has_no_test_bypass_and_requires_confirm_demo" time="1.511" /><testcase classname="tests.test_v16_deployment_contract" name="test_smoke_binds_launcher_scalar_and_result_hash_to_producer" time="0.890" /><testcase classname="tests.test_v16_deployment_contract" name="test_smoke_seals_before_restart_and_requires_fresh_health" time="3.416" /><testcase classname="tests.test_v16_deployment_contract" name="test_builder_and_integrity_use_v16_baselines" time="1.756" /><testcase classname="tests.test_v16_deployment_contract" name="test_builder_uses_only_v16_default" time="1.995" /><testcase classname="tests.test_v16_deployment_contract" name="test_stage_never_uses_helper_hash_for_upgrader_directory_or_self_pin" time="0.725" /><testcase classname="tests.test_v16_deployment_contract" name="test_smoke_requires_result_and_producer_before_acceptance" time="1.684" /><testcase classname="tests.test_v16_deployment_contract" name="test_smoke_preserves_transaction_on_failure" time="0.824" /><testcase classname="tests.test_v16_deployment_contract" name="test_release_integrity_requires_provenance_and_normalized_manifest_paths" time="3.135" /><testcase classname="tests.test_v16_deployment_contract" name="test_smoke_trusts_exact_process_and_module_manifest" time="1.676" /><testcase classname="tests.test_v16_deployment_contract" name="test_smoke_restores_module_path_on_preflight_failure" time="2.666" /><testcase classname="tests.test_v16_deployment_contract" name="test_producer_snapshot_returns_exact_locked_result_and_exit_code" time="3.578" /><testcase classname="tests.test_v16_deployment_contract" name="test_stage_parent_target_lock_and_buffered_output_contract" time="4.399" /><testcase classname="tests.test_v16_deployment_contract" name="test_upgrader_early_preflight_preserves_primary_error" time="2.516" /><testcase classname="tests.test_v16_deployment_contract" name="test_upgrader_cleanup_state_precedes_outer_guard_and_runtime_calls_are_gated" time="2.125" /><testcase classname="tests.test_v16_deployment_contract" name="test_upgrader_cleanup_is_exhaustive_and_preserves_handles_and_inner_error" time="6.362" /><testcase classname="tests.test_v16_deployment_contract" name="test_contract_validators_reject_all_nonexecuting_spoof_fixtures" time="1.250" /><testcase classname="tests.test_v16_deployment_contract" name="test_probe_control_acl_contract_is_ast_bound_to_task_runner_sid" time="7.459" /><testcase classname="tests.test_v16_transfer_runbook" name="test_v16_transfer_contract_is_exact_and_stateful" time="0.004" /><testcase classname="tests.test_xm_mt5_forward" name="test_configure_core_locks_forward_shadow_adapter" time="0.001" /><testcase classname="tests.test_xm_mt5_forward" name="test_optional_mt5_password_reaches_client_from_environment" time="0.001" /><testcase classname="tests.test_xm_mt5_forward" name="test_mt5_login_primary_success_does_not_use_fallback" time="0.001" /><testcase classname="tests.test_xm_mt5_forward" name="test_mt5_login_primary_failure_uses_saved_session_fallback" time="0.001" /><testcase classname="tests.test_xm_mt5_forward" name="test_mt5_login_fallback_wrong_identity_fails_closed_and_shuts_down" time="0.001" /><testcase classname="tests.test_xm_mt5_forward" name="test_mt5_login_total_failure_is_transient_and_redacts_password" time="2.972" /><testcase classname="tests.test_xm_mt5_forward" name="test_weekend_never_creates_an_executable_prefix" time="0.005" /><testcase classname="tests.test_xm_mt5_forward" name="test_campaign_does_not_backfill_session_already_in_progress" time="0.001" /><testcase classname="tests.test_xm_mt5_forward" name="test_xm_scheduled_break_is_not_treated_as_missing_market_data" time="0.047" /><testcase classname="tests.test_xm_mt5_forward" name="test_daily_order_preflight_checks_both_symbols_without_sending" time="0.008" /><testcase classname="tests.test_xm_mt5_forward" name="test_daily_order_preflight_waits_for_market_open_and_transient_quote" time="0.005" /><testcase classname="tests.test_xm_mt5_forward" name="test_daily_order_preflight_retries_temporary_entry_distance" time="0.004" /><testcase classname="tests.test_xm_mt5_forward" name="test_mt5_adapter_synthesizes_only_broker_verified_tickless_minutes" time="0.002" /><testcase classname="tests.test_xm_mt5_forward" name="test_mt5_adapter_does_not_fill_a_missing_minute_when_ticks_exist" time="0.001" /><testcase classname="tests.test_xm_mt5_forward" name="test_mt5_tick_verification_excludes_the_next_minute_boundary" time="0.002" /><testcase classname="tests.test_xm_mt5_forward" name="test_mt5_adapter_verifies_and_fills_trailing_closed_tickless_minutes" time="0.001" /><testcase classname="tests.test_xm_mt5_forward" name="test_mt5_adapter_fills_verified_tickless_minute_immediately_after_scheduled_close" time="0.010" /><testcase classname="tests.test_xm_mt5_forward" name="test_mt5_adapter_fills_weekly_reopen_gap_when_request_starts_during_weekend" time="0.012" /><testcase classname="tests.test_xm_mt5_forward" name="test_mt5_adapter_emits_canonical_minute_bar_without_order_api" time="0.010" /><testcase classname="tests.test_xm_mt5_forward" name="test_mt5_adapter_excludes_the_still_open_minute" time="0.001" /><testcase classname="tests.test_xm_mt5_forward" name="test_xm_planned_daily_break_is_not_counted_as_missing" time="0.041" /><testcase classname="tests.test_xm_mt5_forward" name="test_xm_open_session_gap_remains_data_invalid" time="0.027" /><testcase classname="tests.test_xm_mt5_forward" name="test_xm_unverified_isolated_overnight_gap_is_blocked" time="0.030" /><testcase classname="tests.test_xm_mt5_forward" name="test_xm_unverified_partial_overnight_bucket_is_blocked" time="0.023" /><testcase classname="tests.test_xm_mt5_forward" name="test_xm_partial_bucket_during_critical_window_remains_invalid" time="0.025" /><testcase classname="tests.test_xm_mt5_forward" name="test_xm_unverified_evening_gap_before_midnight_is_blocked" time="0.025" /><testcase classname="tests.test_xm_mt5_forward" name="test_xm_weekend_reopen_window_uses_verified_sunday_session" time="0.038" /><testcase classname="tests.test_xm_mt5_forward" name="test_broker_bar_during_configured_close_stops_for_schedule_drift" time="0.059" /><testcase classname="tests.test_xm_mt5_forward" name="test_prefix_snapshot_comparison_handles_stable_nan_values" time="0.000" /><testcase classname="tests.test_xm_mt5_forward" name="test_daily_event_counts_are_scoped_to_new_york_trade_date" time="0.000" /><testcase classname="tests.test_xm_mt5_forward" name="test_live_pair_cap_stays_latched_after_intraday_breach" time="0.052" /><testcase classname="tests.test_xm_mt5_forward" name="test_smoke_exposure_counts_foreign_magic_orders_and_positions" time="0.050" /><testcase classname="tests.test_xm_mt5_forward" name="test_smoke_rejects_foreign_exposure_before_order_check" time="0.050" /><testcase classname="tests.test_xm_mt5_forward" name="test_smoke_rejects_foreign_position_exposure_before_order_check" time="0.049" /><testcase classname="tests.test_xm_mt5_forward" name="test_smoke_does_not_pass_when_foreign_exposure_remains_after_cancellation" time="0.051" /><testcase classname="tests.test_xm_mt5_forward" name="test_smoke_exposure_keeps_unknown_state_fail_closed" time="4.217" /><testcase classname="tests.test_xm_mt5_forward" name="test_smoke_exposure_counts_empty_dedicated_account_as_known_flat" time="0.050" /><testcase classname="tests.test_xm_mt5_forward" name="test_smoke_foreign_order_is_not_hidden_by_magic_filter" time="0.050" /><testcase classname="tests.test_xm_mt5_forward" name="test_demo_identity_and_terminal_permission_are_both_required" time="0.048" /><testcase classname="tests.test_xm_mt5_forward" name="test_non_demo_account_is_rejected_before_order_permission" time="0.052" /><testcase classname="tests.test_xm_mt5_forward" name="test_demo_identity_drift_is_rejected_before_order_permission" time="0.048" /><testcase classname="tests.test_xm_mt5_forward" name="test_base_client_smoke_is_not_an_execution_path" time="0.051" /><testcase classname="tests.test_xm_mt5_forward" name="test_pending_request_aligns_all_prices_to_broker_tick_size" time="0.049" /><testcase classname="tests.test_xm_mt5_forward" name="test_pending_request_uses_broker_quote_without_comparing_broker_clock_to_host" time="0.051" /><testcase classname="tests.test_xm_mt5_forward" name="test_pending_request_treats_live_entry_distance_as_retryable" time="0.049" /><testcase classname="tests.test_xm_mt5_forward" name="test_illegal_pending_price_geometry_remains_critical" time="0.050" /><testcase classname="tests.test_xm_mt5_forward" name="test_duplicate_candidate_is_submitted_only_once" time="0.429" /><testcase classname="tests.test_xm_mt5_forward" name="test_stale_candidate_is_nonfatal_no_send_and_idempotent" time="0.187" /><testcase classname="tests.test_xm_mt5_forward" name="test_entry_distance_wait_retries_then_submits_once" time="0.397" /><testcase classname="tests.test_xm_mt5_forward" name="test_order_check_exception_is_persistent_retryable_without_send" time="0.247" /><testcase classname="tests.test_xm_mt5_forward" name="test_missing_prefix_is_fail_closed_before_sdk_send" time="0.154" /><testcase classname="tests.test_xm_mt5_forward" name="test_final_guard_expiry_after_send_arm_is_terminal_without_sdk_call" time="0.227" /><testcase classname="tests.test_xm_mt5_forward" name="test_check_passed_crash_is_retried_on_restart" time="0.480" /><testcase classname="tests.test_xm_mt5_forward" name="test_permission_drop_cannot_arm_and_recovers_without_duplicate_send" time="0.453" /><testcase classname="tests.test_xm_mt5_forward" name="test_send_armed_crash_is_reconciled_without_resend" time="0.429" /><testcase classname="tests.test_xm_mt5_forward" name="test_sdk_unknown_result_is_persistent_and_never_replayed" time="0.422" /><testcase classname="tests.test_xm_mt5_forward" name="test_unknown_or_partial_candidate_blocks_later_candidate_in_same_cycle[none]" time="0.925" /><testcase classname="tests.test_xm_mt5_forward" name="test_unknown_or_partial_candidate_blocks_later_candidate_in_same_cycle[timeout]" time="0.977" /><testcase classname="tests.test_xm_mt5_forward" name="test_unknown_or_partial_candidate_blocks_later_candidate_in_same_cycle[connection]" time="0.946" /><testcase classname="tests.test_xm_mt5_forward" name="test_unknown_or_partial_candidate_blocks_later_candidate_in_same_cycle[partial]" time="1.028" /><testcase classname="tests.test_xm_mt5_forward" name="test_stop_target_distance_is_terminal_and_idempotent" time="0.182" /><testcase classname="tests.test_xm_mt5_forward" name="test_transient_order_check_retries_without_duplicate_send" time="0.484" /><testcase classname="tests.test_xm_mt5_forward" name="test_uncertain_prior_intent_refuses_duplicate_send" time="0.173" /><testcase classname="tests.test_xm_mt5_forward" name="test_restart_links_existing_broker_order_after_recorded_intent" time="0.217" /><testcase classname="tests.test_xm_mt5_forward" name="test_data_invalid_cancels_own_pending_order_without_resubmitting" time="0.677" /><testcase classname="tests.test_xm_mt5_forward" name="test_cancel_readback_remains_available_when_open_permission_is_disabled" time="0.343" /><testcase classname="tests.test_xm_mt5_forward" name="test_already_recorded_data_invalid_remains_no_send" time="0.366" /><testcase classname="tests.test_xm_mt5_forward" name="test_outside_trade_window_cancels_own_pending_order" time="0.651" /><testcase classname="tests.test_xm_mt5_forward" name="test_final_trade_window_prefix_cancels_instead_of_submitting" time="0.706" /><testcase classname="tests.test_xm_mt5_forward" name="test_executable_intrawindow_prefix_reaches_broker_submission" time="0.440" /><testcase classname="tests.test_xm_mt5_forward" name="test_stale_prefix_defers_without_check_passed_then_retries_once" time="0.490" /><testcase classname="tests.test_xm_mt5_forward" name="test_reconcile_common_cutoff_vector_rejects_stale_then_sends_once_when_fresh" time="0.606" /><testcase classname="tests.test_xm_mt5_forward" name="test_remove_unknown_is_persistent_single_attempt_and_later_broker_resolved[none]" time="0.736" /><testcase classname="tests.test_xm_mt5_forward" name="test_remove_unknown_is_persistent_single_attempt_and_later_broker_resolved[exception]" time="0.733" /><testcase classname="tests.test_xm_mt5_forward" name="test_remove_unknown_is_persistent_single_attempt_and_later_broker_resolved[timeout-retcode]" time="0.718" /><testcase classname="tests.test_xm_mt5_forward" name="test_remove_unknown_is_persistent_single_attempt_and_later_broker_resolved[connection-retcode]" time="0.730" /><testcase classname="tests.test_xm_mt5_forward" name="test_r02_a_reconcile_restart_lost_remove_blocks_entry_and_resolves[none]" time="1.121" /><testcase classname="tests.test_xm_mt5_forward" name="test_r02_a_reconcile_restart_lost_remove_blocks_entry_and_resolves[exception]" time="1.355" /><testcase classname="tests.test_xm_mt5_forward" name="test_r02_a_reconcile_restart_lost_remove_blocks_entry_and_resolves[timeout]" time="1.156" /><testcase classname="tests.test_xm_mt5_forward" name="test_r02_a_reconcile_restart_lost_remove_blocks_entry_and_resolves[connection]" time="1.127" /><testcase classname="tests.test_xm_mt5_forward" name="test_r02_b_pending_visible_restart_does_not_repeat_remove_or_send" time="0.699" /><testcase classname="tests.test_xm_mt5_forward" name="test_r02_c_cancel_armed_crash_before_sdk_is_not_retried" time="0.548" /><testcase classname="tests.test_xm_mt5_forward" name="test_r02_e_rejected_remove_stays_distinct_then_confirmed_cancel_allows_new_order" time="1.075" /><testcase classname="tests.test_xm_mt5_forward" name="test_pending_broker_request_mismatch_blocks_new_orders" time="0.679" /><testcase classname="tests.test_xm_mt5_forward" name="test_r02_d_cancel_control_resolves_remainder_before_economic_exit[4-CLOSED_SL]" time="1.086" /><testcase classname="tests.test_xm_mt5_forward" name="test_r02_d_cancel_control_resolves_remainder_before_economic_exit[5-CLOSED_TP]" time="0.922" /><testcase classname="tests.test_xm_mt5_forward" name="test_r02_p_legacy_cancel_without_arm_uses_outbox_ticket_without_fabricating_request[CANCEL_UNKNOWN]" time="0.869" /><testcase classname="tests.test_xm_mt5_forward" name="test_r02_p_legacy_cancel_without_arm_uses_outbox_ticket_without_fabricating_request[CANCEL_REJECTED]" time="0.847" /><testcase classname="tests.test_xm_mt5_forward" name="test_r02_p_legacy_outbox_ticket_conflict_is_unsafe_without_remove_or_send" time="0.510" /><testcase classname="tests.test_xm_mt5_forward" name="test_documented_mt5_order_deal_position_chain_for_long_short_and_exit[long-None-OPEN_PROTECTED]" time="0.534" /><testcase classname="tests.test_xm_mt5_forward" name="test_documented_mt5_order_deal_position_chain_for_long_short_and_exit[short-None-OPEN_PROTECTED]" time="0.500" /><testcase classname="tests.test_xm_mt5_forward" name="test_documented_mt5_order_deal_position_chain_for_long_short_and_exit[long-4-CLOSED_SL]" time="0.627" /><testcase classname="tests.test_xm_mt5_forward" name="test_documented_mt5_order_deal_position_chain_for_long_short_and_exit[short-5-CLOSED_TP]" time="0.493" /><testcase classname="tests.test_xm_mt5_forward" name="test_closed_state_uses_position_chain_and_allows_different_exit_order_ticket" time="0.493" /><testcase classname="tests.test_xm_mt5_forward" name="test_history_deal_lookup_rejects_undocumented_order_keyword" time="0.462" /><testcase classname="tests.test_xm_mt5_forward" name="test_verified_terminal_intent_is_not_reclassified_unknown_after_35_days" time="0.433" /><testcase classname="tests.test_xm_mt5_forward" name="test_partial_fill_is_not_full_fill_and_does_not_resend" time="0.509" /><testcase classname="tests.test_xm_mt5_forward" name="test_fill_with_unprotected_position_blocks_new_orders" time="0.464" /><testcase classname="tests.test_xm_mt5_forward" name="test_pending_order_expires_at_the_leg_trade_window_end" time="0.048" /><testcase classname="tests.test_xm_mt5_forward" name="test_none_broker_collection_returns_unknown_no_send" time="3.746" /><testcase classname="tests.test_xm_mt5_forward" name="test_sqlite_intent_allows_only_one_parallel_send" time="0.549" /><testcase classname="tests.test_xm_mt5_forward" name="test_parallel_retryable_lifecycle_states_arm_and_send_once[CHECK_RETRYABLE]" time="0.680" /><testcase classname="tests.test_xm_mt5_forward" name="test_parallel_retryable_lifecycle_states_arm_and_send_once[PRE_SEND_DEFERRED]" time="0.712" /><testcase classname="tests.test_xm_mt5_forward" name="test_pre_send_deferred_race_is_idempotent_and_emits_one_reevaluation" time="0.691" /><testcase classname="tests.test_xm_mt5_forward" name="test_pre_send_deferred_race_is_process_safe_with_independent_mt5_clients" time="1.904" /><testcase classname="tests.test_xm_mt5_forward" name="test_pre_send_deferred_request_mismatch_remains_fail_closed" time="0.202" /><testcase classname="tests.test_xm_mt5_forward" name="test_pre_send_deferred_crash_after_cas_resumes_after_restart" time="0.600" /><testcase classname="tests.test_xm_mt5_forward" name="test_sqlite_initializer_is_idempotent_and_verifies_wal_schema" time="0.090" /><testcase classname="tests.test_xm_mt5_forward" name="test_cancel_acknowledgement_requires_empty_broker_readback" time="0.664" /><testcase classname="tests.test_xm_mt5_forward" name="test_pending_remove_keeps_order_specific_partial_exposure_without_fatal" time="0.660" /><testcase classname="tests.test_xm_mt5_forward" name="test_pending_remove_does_not_bind_unrelated_same_magic_position" time="0.356" /><testcase classname="tests.test_xm_mt5_forward" name="test_pending_remove_keeps_unknown_when_order_fill_readback_disappears" time="3.386" /><testcase classname="tests.test_xm_mt5_forward" name="test_pending_remove_blocks_unprotected_order_specific_position" time="0.640" /><testcase classname="tests.test_xm_mt5_forward" name="test_sqlite_unique_intent_is_process_safe" time="1.222" /></testsuite></testsuites>