<?xml version="1.0" encoding="utf-8"?><testsuites name="pytest tests"><testsuite name="pytest" errors="0" failures="0" skipped="0" tests="19" time="111.355" timestamp="2026-09-22T15:04:23.628073+02:00" hostname="DESKTOP-HQ02T33"><testcase classname="tests.test_backtest_sandbox" name="test_worker_environment_excludes_broker_secrets" time="2.331" /><testcase classname="tests.test_backtest_sandbox" name="test_worker_environment_is_explicit_allowlist_and_cannot_read_host_sentinel" time="2.308" /><testcase classname="tests.test_backtest_sandbox" name="test_worker_denies_network_and_child_processes[probe_network]" time="2.488" /><testcase classname="tests.test_backtest_sandbox" name="test_worker_denies_network_and_child_processes[probe_subprocess]" time="2.478" /><testcase classname="tests.test_backtest_sandbox" name="test_worker_denies_network_and_child_processes[probe_live_import]" time="2.449" /><testcase classname="tests.test_backtest_sandbox" name="test_worker_denies_network_and_child_processes[probe_dynamic]" time="2.267" /><testcase classname="tests.test_backtest_sandbox" name="test_worker_denies_network_and_child_processes[probe_native_load]" time="2.416" /><testcase classname="tests.test_backtest_sandbox" name="test_worker_denies_network_and_child_processes[probe_native_load_via_wrapper]" time="2.803" /><testcase classname="tests.test_backtest_sandbox" name="test_worker_timeout_terminates_job" time="3.111" /><testcase classname="tests.test_backtest_sandbox" name="test_worker_memory_limit_fails_closed" time="2.997" /><testcase classname="tests.test_backtest_sandbox" name="test_sandbox_backend_is_available" time="0.001" /><testcase classname="tests.test_backtest_sandbox" name="test_real_cli_backtest_publishes_nonempty_attested_artifacts" time="41.734" /><testcase classname="tests.test_backtest_sandbox" name="test_runtime_packaging_excludes_host_startup_and_base_site_packages" time="0.194" /><testcase classname="tests.test_backtest_sandbox" name="test_real_appcontainer_enforces_filesystem_boundaries" time="2.597" /><testcase classname="tests.test_backtest_sandbox" name="test_real_appcontainer_enforces_network_boundary" time="2.514" /><testcase classname="tests.test_backtest_sandbox" name="test_real_appcontainer_enforces_process_boundary" time="2.466" /><testcase classname="tests.test_backtest_sandbox" name="test_real_appcontainer_rejects_junction_escape" time="2.548" /><testcase classname="tests.test_backtest_sandbox" name="test_real_appcontainer_rejects_hardlink_escape" time="0.007" /><testcase classname="tests.test_backtest_sandbox" name="test_crash_does_not_publish_final_artifact" time="33.583" /></testsuite></testsuites>