<?xml version="1.0" encoding="utf-8"?><testsuites name="pytest tests"><testsuite name="pytest" errors="0" failures="0" skipped="0" tests="225" time="229.118" timestamp="2026-09-22T14:26:57.868340+02:00" hostname="DESKTOP-HQ02T33"><testcase classname="tests.test_deploy_001_release_contract" name="test_release_integrity_contract_binds_the_exact_git_source_and_bytes" time="0.064" /><testcase classname="tests.test_deploy_001_release_contract" name="test_both_upgraders_have_exactly_the_contract_pin" time="0.039" /><testcase classname="tests.test_deploy_001_release_contract" name="test_builder_byte_gate_rejects_crlf_bom_and_single_byte_corruption" time="3.313" /><testcase classname="tests.test_deploy_001_release_contract" name="test_preflight_failure_cannot_reach_runtime_stop_or_mutation" time="0.003" /><testcase classname="tests.test_deploy_001_release_contract" name="test_ast_harness_executes_real_stop_bodies_and_phase_guards" time="10.389" /><testcase classname="tests.test_deploy_001_release_contract" name="test_phase_mutations_are_sensitive" time="0.005" /><testcase classname="tests.test_deploy_001_release_contract" name="test_mutated_forward_preflight_guard_fails_the_real_catch_harness" time="18.990" /><testcase classname="tests.test_deploy_001_release_contract" name="test_forward_production_phase_chain_rejects_stop_and_rollback_mutants" time="32.009" /><testcase classname="tests.test_deploy_001_release_contract" name="test_zip_integrity_gate_rejects_autocrlf_bom_duplicate_and_missing_entries" time="3.471" /><testcase classname="tests.test_deploy_001_release_contract" name="test_ast_main_catch_finally_preserves_preflight_ownership_and_primary_error" time="1.770" /><testcase classname="tests.test_deploy_001_release_contract" name="test_super1_production_phase_chain_rejects_preentry_stop_mutants" time="10.745" /><testcase classname="tests.test_deploy_001_release_contract" name="test_super1_ast_catch_and_finally_preflight_path_is_executed" time="0.301" /><testcase classname="tests.test_deploy_001_release_contract" name="test_builder_checks_contract_before_signing_key_resolution" time="1.226" /><testcase classname="tests.test_deployment_security" name="test_windows_installers_require_signed_archive_and_offline_hash_lock" time="0.027" /><testcase classname="tests.test_deployment_security" name="test_release_tree_acl_keeps_effective_permissions_on_child_files" time="0.001" /><testcase classname="tests.test_deployment_security" name="test_mt5_installer_signature_gate_is_fail_closed" time="0.001" /><testcase classname="tests.test_deployment_security" name="test_runtime_launchers_use_writable_state_not_read_only_app" time="0.046" /><testcase classname="tests.test_deployment_security" name="test_installers_limit_restart_and_task_privilege" time="0.020" /><testcase classname="tests.test_deployment_security" name="test_super1_repair_does_not_reset_password_behind_dpapi_blob" time="0.001" /><testcase classname="tests.test_deployment_security" name="test_release_builder_keeps_private_key_outside_workspace" time="0.001" /><testcase classname="tests.test_deployment_security" name="test_super1_release_stages_every_sealed_candidate_provenance_input" time="0.002" /><testcase classname="tests.test_deployment_security" name="test_super1_signed_app_upgrade_is_offline_transactional_and_leaves_tasks_stopped" time="0.001" /><testcase classname="tests.test_deployment_security" name="test_super1_upgrade_uses_a_reverified_immutable_release_copy" time="0.001" /><testcase classname="tests.test_deployment_security" name="test_super1_upgrade_pins_and_read_locks_the_release_trust_helper" time="0.001" /><testcase classname="tests.test_deployment_security" name="test_super1_upgrade_runs_only_from_sha_addressed_protected_self" time="0.001" /><testcase classname="tests.test_deployment_security" name="test_super1_upgrade_privately_locks_transaction_parents" time="0.001" /><testcase classname="tests.test_deployment_security" name="test_super1_upgrade_candidates_are_preflighted_atomic_and_rolled_back" time="0.001" /><testcase classname="tests.test_deployment_security" name="test_super1_upgrade_rolls_back_app_venv_and_complete_task_definitions" time="0.001" /><testcase classname="tests.test_deployment_security" name="test_super1_upgrade_requires_a_stopped_runtime_before_rollback_mutation" time="0.001" /><testcase classname="tests.test_deployment_security" name="test_super1_upgrade_never_executes_the_mutable_old_venv_as_administrator" time="0.001" /><testcase classname="tests.test_deployment_security" name="test_python_and_runtime_dependencies_are_exactly_pinned" time="0.001" /><testcase classname="tests.test_deployment_security" name="test_shared_release_commands_are_isolated_and_use_absolute_system_tools" time="0.001" /><testcase classname="tests.test_deployment_security" name="test_super1_fixed_launcher_uses_protected_probe_and_terminal_pins" time="0.019" /><testcase classname="tests.test_deployment_security" name="test_super1_task_contract_freezes_password_task_and_canonicalizes_watchdog" time="0.001" /><testcase classname="tests.test_deployment_security" name="test_super1_flat_check_never_changes_the_password_task_definition" time="0.026" /><testcase classname="tests.test_deployment_security" name="test_super1_rollover_consumes_two_sealed_flat_proofs_and_fixed_init" time="0.019" /><testcase classname="tests.test_deployment_security" name="test_super1_rollover_preserves_state_after_runtime_start_attempt" time="0.001" /><testcase classname="tests.test_deployment_security" name="test_super1_upgrade_pins_and_hardens_python_terminal_and_config" time="0.003" /><testcase classname="tests.test_deployment_security" name="test_watchdog_telegram_is_transition_based_and_rate_limited" time="0.020" /><testcase classname="tests.test_deployment_security" name="test_stage_signed_upgrader_windows_fail_closed_contract" time="4.010" /><testcase classname="tests.test_deployment_security" name="test_build_signed_release_enforces_dirty_git_python311_and_test_gates" time="0.001" /><testcase classname="tests.test_deployment_security" name="test_release_integrity_validates_entries_and_rejects_credentials_and_source_mismatch" time="0.001" /><testcase classname="tests.test_forward_upgrade_transaction" name="test_forward_flat_acl_rights_are_materialized_before_cast" time="0.020" /><testcase classname="tests.test_forward_upgrade_transaction" name="test_forward_final_archive_seal_does_not_rewalk_locked_transactions" time="0.001" /><testcase classname="tests.test_forward_upgrade_transaction" name="test_forward_upgrade_is_signed_staged_and_leaves_tasks_stopped" time="0.003" /><testcase classname="tests.test_forward_upgrade_transaction" name="test_forward_upgrade_rollback_and_finally_are_fail_closed_on_running_code" time="0.001" /><testcase classname="tests.test_forward_upgrade_transaction" name="test_forward_upgrade_preserves_legacy_and_canonical_state" time="0.002" /><testcase classname="tests.test_forward_upgrade_transaction" name="test_forward_upgrade_acl_reset_preserves_effective_child_access" time="0.002" /><testcase classname="tests.test_forward_upgrade_transaction" name="test_forward_upgrade_reverification_uses_compatible_read_locks" time="0.001" /><testcase classname="tests.test_forward_upgrade_transaction" name="test_forward_upgrade_legacy_collision_keeps_real_hold_for_rollback" time="0.001" /><testcase classname="tests.test_forward_upgrade_transaction" name="test_forward_upgrade_candidates_are_atomic_and_fail_on_stale_files" time="0.001" /><testcase classname="tests.test_forward_upgrade_transaction" name="test_forward_upgrade_private_build_roots_and_parent_delete_guard_are_ordered" time="0.002" /><testcase classname="tests.test_forward_upgrade_transaction" name="test_forward_upgrade_private_trees_never_grant_the_caller_or_runner" time="0.003" /><testcase classname="tests.test_forward_upgrade_transaction" name="test_forward_upgrade_parent_guards_and_directory_swaps_are_race_closed" time="0.002" /><testcase classname="tests.test_forward_upgrade_transaction" name="test_forward_upgrade_bootstrap_inputs_are_sealed_signed_and_locked" time="0.001" /><testcase classname="tests.test_forward_upgrade_transaction" name="test_forward_parent_guard_ignores_unresolvable_read_only_aces" time="0.001" /><testcase classname="tests.test_forward_upgrade_transaction" name="test_forward_runner_proof_compares_canonical_principal_sid" time="0.001" /><testcase classname="tests.test_forward_upgrade_transaction" name="test_forward_upgrade_bootstrap_runtime_inputs_remain_locked" time="0.001" /><testcase classname="tests.test_forward_upgrade_transaction" name="test_forward_upgrade_seals_immutable_owners_and_can_recover_legacy_metadata" time="0.002" /><testcase classname="tests.test_forward_upgrade_transaction" name="test_forward_upgrade_candidates_are_private_readonly_transaction_copies" time="0.001" /><testcase classname="tests.test_forward_upgrade_transaction" name="test_forward_upgrade_seals_runtime_and_keeps_legacy_private_until_rollover" time="0.002" /><testcase classname="tests.test_forward_upgrade_transaction" name="test_forward_upgrade_legacy_acl_restore_avoids_sacl_privilege_dependency" time="0.001" /><testcase classname="tests.test_forward_upgrade_transaction" name="test_forward_upgrade_rollback_restores_app_before_legacy_state" time="0.002" /><testcase classname="tests.test_forward_upgrade_transaction" name="test_forward_upgrade_requires_a_proven_non_admin_runner_before_task_swap" time="0.001" /><testcase classname="tests.test_forward_upgrade_transaction" name="test_forward_runner_logon_rights_are_exact_and_transactional" time="0.001" /><testcase classname="tests.test_forward_upgrade_transaction" name="test_forward_integrity_helper_pin_matches_packaged_helper" time="0.002" /><testcase classname="tests.test_forward_upgrade_transaction" name="test_forward_upgrade_migrates_root_and_state_acls_transactionally" time="0.002" /><testcase classname="tests.test_forward_upgrade_transaction" name="test_forward_runner_probe_is_own_profile_no_send_and_cleans_up" time="0.003" /><testcase classname="tests.test_forward_upgrade_transaction" name="test_forward_launcher_and_upgrade_isolate_python_and_windows_tools" time="0.003" /><testcase classname="tests.test_forward_upgrade_transaction" name="test_forward_upgrader_is_self_pinned_and_locked_from_protected_program_files" time="0.002" /><testcase classname="tests.test_forward_upgrade_transaction" name="test_forward_terminal_proofs_are_demo_only_read_only_then_production_restored" time="0.003" /><testcase classname="tests.test_forward_upgrade_transaction" name="test_forward_task_settings_trigger_and_sentinel_are_canonical_and_rollbackable" time="0.002" /><testcase classname="tests.test_forward_upgrade_transaction" name="test_forward_flat_and_rollover_use_sealed_runner_request_contract" time="0.021" /><testcase classname="tests.test_v16_deployment_contract" name="test_stage_binds_sha_directory_and_upgrader_to_manifest_hash" time="1.030" /><testcase classname="tests.test_v16_deployment_contract" name="test_stage_normalizes_all_hashes_before_case_sensitive_comparison" time="1.044" /><testcase classname="tests.test_v16_deployment_contract" name="test_smoke_uses_exact_trusted_host_and_script_path" time="1.216" /><testcase classname="tests.test_v16_deployment_contract" name="test_smoke_output_uses_modify_runner_rights" time="1.179" /><testcase classname="tests.test_v16_deployment_contract" name="test_smoke_stop_unconfirmed_retains_request_locks" time="2.670" /><testcase classname="tests.test_v16_deployment_contract" name="test_smoke_cleanup_error_blocks_pass_output" time="4.011" /><testcase classname="tests.test_v16_deployment_contract" name="test_smoke_production_has_no_test_bypass_and_requires_confirm_demo" time="4.188" /><testcase classname="tests.test_v16_deployment_contract" name="test_smoke_binds_launcher_scalar_and_result_hash_to_producer" time="2.165" /><testcase classname="tests.test_v16_deployment_contract" name="test_smoke_seals_before_restart_and_requires_fresh_health" time="8.809" /><testcase classname="tests.test_v16_deployment_contract" name="test_builder_and_integrity_use_v16_baselines" time="4.126" /><testcase classname="tests.test_v16_deployment_contract" name="test_builder_uses_only_v16_default" time="4.539" /><testcase classname="tests.test_v16_deployment_contract" name="test_stage_never_uses_helper_hash_for_upgrader_directory_or_self_pin" time="0.958" /><testcase classname="tests.test_v16_deployment_contract" name="test_smoke_requires_result_and_producer_before_acceptance" time="2.005" /><testcase classname="tests.test_v16_deployment_contract" name="test_smoke_preserves_transaction_on_failure" time="0.886" /><testcase classname="tests.test_v16_deployment_contract" name="test_release_integrity_requires_provenance_and_normalized_manifest_paths" time="3.542" /><testcase classname="tests.test_v16_deployment_contract" name="test_smoke_trusts_exact_process_and_module_manifest" time="1.931" /><testcase classname="tests.test_v16_deployment_contract" name="test_smoke_restores_module_path_on_preflight_failure" time="3.446" /><testcase classname="tests.test_v16_deployment_contract" name="test_producer_snapshot_returns_exact_locked_result_and_exit_code" time="4.062" /><testcase classname="tests.test_v16_deployment_contract" name="test_stage_parent_target_lock_and_buffered_output_contract" time="4.696" /><testcase classname="tests.test_v16_deployment_contract" name="test_upgrader_early_preflight_preserves_primary_error" time="2.601" /><testcase classname="tests.test_v16_deployment_contract" name="test_upgrader_cleanup_state_precedes_outer_guard_and_runtime_calls_are_gated" time="2.229" /><testcase classname="tests.test_v16_deployment_contract" name="test_upgrader_cleanup_is_exhaustive_and_preserves_handles_and_inner_error" time="6.722" /><testcase classname="tests.test_v16_deployment_contract" name="test_contract_validators_reject_all_nonexecuting_spoof_fixtures" time="1.357" /><testcase classname="tests.test_v16_deployment_contract" name="test_probe_control_acl_contract_is_ast_bound_to_task_runner_sid" time="7.381" /><testcase classname="tests.test_v16_transfer_runbook" name="test_v16_transfer_contract_is_exact_and_stateful" time="0.015" /><testcase classname="tests.test_xm_mt5_forward" name="test_configure_core_locks_forward_shadow_adapter" time="0.001" /><testcase classname="tests.test_xm_mt5_forward" name="test_optional_mt5_password_reaches_client_from_environment" time="0.001" /><testcase classname="tests.test_xm_mt5_forward" name="test_mt5_login_primary_success_does_not_use_fallback" time="0.000" /><testcase classname="tests.test_xm_mt5_forward" name="test_mt5_login_primary_failure_uses_saved_session_fallback" time="0.000" /><testcase classname="tests.test_xm_mt5_forward" name="test_mt5_login_fallback_wrong_identity_fails_closed_and_shuts_down" time="0.000" /><testcase classname="tests.test_xm_mt5_forward" name="test_mt5_login_total_failure_is_transient_and_redacts_password" time="3.350" /><testcase classname="tests.test_xm_mt5_forward" name="test_weekend_never_creates_an_executable_prefix" time="0.023" /><testcase classname="tests.test_xm_mt5_forward" name="test_campaign_does_not_backfill_session_already_in_progress" time="0.001" /><testcase classname="tests.test_xm_mt5_forward" name="test_xm_scheduled_break_is_not_treated_as_missing_market_data" time="0.038" /><testcase classname="tests.test_xm_mt5_forward" name="test_daily_order_preflight_checks_both_symbols_without_sending" time="0.004" /><testcase classname="tests.test_xm_mt5_forward" name="test_daily_order_preflight_waits_for_market_open_and_transient_quote" time="0.003" /><testcase classname="tests.test_xm_mt5_forward" name="test_daily_order_preflight_retries_temporary_entry_distance" time="0.002" /><testcase classname="tests.test_xm_mt5_forward" name="test_mt5_adapter_synthesizes_only_broker_verified_tickless_minutes" time="0.002" /><testcase classname="tests.test_xm_mt5_forward" name="test_mt5_adapter_does_not_fill_a_missing_minute_when_ticks_exist" time="0.002" /><testcase classname="tests.test_xm_mt5_forward" name="test_mt5_tick_verification_excludes_the_next_minute_boundary" time="0.001" /><testcase classname="tests.test_xm_mt5_forward" name="test_mt5_adapter_verifies_and_fills_trailing_closed_tickless_minutes" time="0.002" /><testcase classname="tests.test_xm_mt5_forward" name="test_mt5_adapter_fills_verified_tickless_minute_immediately_after_scheduled_close" time="0.012" /><testcase classname="tests.test_xm_mt5_forward" name="test_mt5_adapter_fills_weekly_reopen_gap_when_request_starts_during_weekend" time="0.013" /><testcase classname="tests.test_xm_mt5_forward" name="test_mt5_adapter_emits_canonical_minute_bar_without_order_api" time="0.009" /><testcase classname="tests.test_xm_mt5_forward" name="test_mt5_adapter_excludes_the_still_open_minute" time="0.001" /><testcase classname="tests.test_xm_mt5_forward" name="test_xm_planned_daily_break_is_not_counted_as_missing" time="0.037" /><testcase classname="tests.test_xm_mt5_forward" name="test_xm_open_session_gap_remains_data_invalid" time="0.028" /><testcase classname="tests.test_xm_mt5_forward" name="test_xm_unverified_isolated_overnight_gap_is_blocked" time="0.037" /><testcase classname="tests.test_xm_mt5_forward" name="test_xm_unverified_partial_overnight_bucket_is_blocked" time="0.040" /><testcase classname="tests.test_xm_mt5_forward" name="test_xm_partial_bucket_during_critical_window_remains_invalid" time="0.040" /><testcase classname="tests.test_xm_mt5_forward" name="test_xm_unverified_evening_gap_before_midnight_is_blocked" time="0.040" /><testcase classname="tests.test_xm_mt5_forward" name="test_xm_weekend_reopen_window_uses_verified_sunday_session" time="0.032" /><testcase classname="tests.test_xm_mt5_forward" name="test_broker_bar_during_configured_close_stops_for_schedule_drift" time="0.026" /><testcase classname="tests.test_xm_mt5_forward" name="test_prefix_snapshot_comparison_handles_stable_nan_values" time="0.001" /><testcase classname="tests.test_xm_mt5_forward" name="test_daily_event_counts_are_scoped_to_new_york_trade_date" time="0.001" /><testcase classname="tests.test_xm_mt5_forward" name="test_live_pair_cap_stays_latched_after_intraday_breach" time="0.058" /><testcase classname="tests.test_xm_mt5_forward" name="test_smoke_exposure_counts_foreign_magic_orders_and_positions" time="0.049" /><testcase classname="tests.test_xm_mt5_forward" name="test_smoke_rejects_foreign_exposure_before_order_check" time="0.050" /><testcase classname="tests.test_xm_mt5_forward" name="test_smoke_rejects_foreign_position_exposure_before_order_check" time="0.049" /><testcase classname="tests.test_xm_mt5_forward" name="test_smoke_does_not_pass_when_foreign_exposure_remains_after_cancellation" time="0.056" /><testcase classname="tests.test_xm_mt5_forward" name="test_smoke_exposure_keeps_unknown_state_fail_closed" time="2.007" /><testcase classname="tests.test_xm_mt5_forward" name="test_smoke_exposure_counts_empty_dedicated_account_as_known_flat" time="0.047" /><testcase classname="tests.test_xm_mt5_forward" name="test_smoke_foreign_order_is_not_hidden_by_magic_filter" time="0.046" /><testcase classname="tests.test_xm_mt5_forward" name="test_demo_identity_and_terminal_permission_are_both_required" time="0.060" /><testcase classname="tests.test_xm_mt5_forward" name="test_non_demo_account_is_rejected_before_order_permission" time="0.050" /><testcase classname="tests.test_xm_mt5_forward" name="test_demo_identity_drift_is_rejected_before_order_permission" time="0.060" /><testcase classname="tests.test_xm_mt5_forward" name="test_base_client_smoke_is_not_an_execution_path" time="0.050" /><testcase classname="tests.test_xm_mt5_forward" name="test_pending_request_aligns_all_prices_to_broker_tick_size" time="0.048" /><testcase classname="tests.test_xm_mt5_forward" name="test_pending_request_uses_broker_quote_without_comparing_broker_clock_to_host" time="0.061" /><testcase classname="tests.test_xm_mt5_forward" name="test_pending_request_treats_live_entry_distance_as_retryable" time="0.047" /><testcase classname="tests.test_xm_mt5_forward" name="test_illegal_pending_price_geometry_remains_critical" time="0.047" /><testcase classname="tests.test_xm_mt5_forward" name="test_duplicate_candidate_is_submitted_only_once" time="0.430" /><testcase classname="tests.test_xm_mt5_forward" name="test_stale_candidate_is_nonfatal_no_send_and_idempotent" time="0.181" /><testcase classname="tests.test_xm_mt5_forward" name="test_entry_distance_wait_retries_then_submits_once" time="0.385" /><testcase classname="tests.test_xm_mt5_forward" name="test_order_check_exception_is_persistent_retryable_without_send" time="0.258" /><testcase classname="tests.test_xm_mt5_forward" name="test_missing_prefix_is_fail_closed_before_sdk_send" time="0.147" /><testcase classname="tests.test_xm_mt5_forward" name="test_final_guard_expiry_after_send_arm_is_terminal_without_sdk_call" time="0.204" /><testcase classname="tests.test_xm_mt5_forward" name="test_check_passed_crash_is_retried_on_restart" time="0.494" /><testcase classname="tests.test_xm_mt5_forward" name="test_permission_drop_cannot_arm_and_recovers_without_duplicate_send" time="0.403" /><testcase classname="tests.test_xm_mt5_forward" name="test_send_armed_crash_is_reconciled_without_resend" time="0.382" /><testcase classname="tests.test_xm_mt5_forward" name="test_sdk_unknown_result_is_persistent_and_never_replayed" time="0.646" /><testcase classname="tests.test_xm_mt5_forward" name="test_unknown_or_partial_candidate_blocks_later_candidate_in_same_cycle[none]" time="1.197" /><testcase classname="tests.test_xm_mt5_forward" name="test_unknown_or_partial_candidate_blocks_later_candidate_in_same_cycle[timeout]" time="0.944" /><testcase classname="tests.test_xm_mt5_forward" name="test_unknown_or_partial_candidate_blocks_later_candidate_in_same_cycle[connection]" time="0.983" /><testcase classname="tests.test_xm_mt5_forward" name="test_unknown_or_partial_candidate_blocks_later_candidate_in_same_cycle[partial]" time="0.879" /><testcase classname="tests.test_xm_mt5_forward" name="test_stop_target_distance_is_terminal_and_idempotent" time="0.174" /><testcase classname="tests.test_xm_mt5_forward" name="test_transient_order_check_retries_without_duplicate_send" time="0.577" /><testcase classname="tests.test_xm_mt5_forward" name="test_uncertain_prior_intent_refuses_duplicate_send" time="0.153" /><testcase classname="tests.test_xm_mt5_forward" name="test_restart_links_existing_broker_order_after_recorded_intent" time="0.312" /><testcase classname="tests.test_xm_mt5_forward" name="test_data_invalid_cancels_own_pending_order_without_resubmitting" time="0.637" /><testcase classname="tests.test_xm_mt5_forward" name="test_cancel_readback_remains_available_when_open_permission_is_disabled" time="0.355" /><testcase classname="tests.test_xm_mt5_forward" name="test_already_recorded_data_invalid_remains_no_send" time="0.377" /><testcase classname="tests.test_xm_mt5_forward" name="test_outside_trade_window_cancels_own_pending_order" time="0.671" /><testcase classname="tests.test_xm_mt5_forward" name="test_final_trade_window_prefix_cancels_instead_of_submitting" time="0.691" /><testcase classname="tests.test_xm_mt5_forward" name="test_executable_intrawindow_prefix_reaches_broker_submission" time="0.409" /><testcase classname="tests.test_xm_mt5_forward" name="test_stale_prefix_defers_without_check_passed_then_retries_once" time="0.505" /><testcase classname="tests.test_xm_mt5_forward" name="test_reconcile_common_cutoff_vector_rejects_stale_then_sends_once_when_fresh" time="0.521" /><testcase classname="tests.test_xm_mt5_forward" name="test_remove_unknown_is_persistent_single_attempt_and_later_broker_resolved[none]" time="0.974" /><testcase classname="tests.test_xm_mt5_forward" name="test_remove_unknown_is_persistent_single_attempt_and_later_broker_resolved[exception]" time="0.771" /><testcase classname="tests.test_xm_mt5_forward" name="test_remove_unknown_is_persistent_single_attempt_and_later_broker_resolved[timeout-retcode]" time="0.749" /><testcase classname="tests.test_xm_mt5_forward" name="test_remove_unknown_is_persistent_single_attempt_and_later_broker_resolved[connection-retcode]" time="0.674" /><testcase classname="tests.test_xm_mt5_forward" name="test_r02_a_reconcile_restart_lost_remove_blocks_entry_and_resolves[none]" time="1.048" /><testcase classname="tests.test_xm_mt5_forward" name="test_r02_a_reconcile_restart_lost_remove_blocks_entry_and_resolves[exception]" time="1.051" /><testcase classname="tests.test_xm_mt5_forward" name="test_r02_a_reconcile_restart_lost_remove_blocks_entry_and_resolves[timeout]" time="1.233" /><testcase classname="tests.test_xm_mt5_forward" name="test_r02_a_reconcile_restart_lost_remove_blocks_entry_and_resolves[connection]" time="1.090" /><testcase classname="tests.test_xm_mt5_forward" name="test_r02_b_pending_visible_restart_does_not_repeat_remove_or_send" time="0.677" /><testcase classname="tests.test_xm_mt5_forward" name="test_r02_c_cancel_armed_crash_before_sdk_is_not_retried" time="0.778" /><testcase classname="tests.test_xm_mt5_forward" name="test_r02_e_rejected_remove_stays_distinct_then_confirmed_cancel_allows_new_order" time="1.066" /><testcase classname="tests.test_xm_mt5_forward" name="test_pending_broker_request_mismatch_blocks_new_orders" time="0.755" /><testcase classname="tests.test_xm_mt5_forward" name="test_r02_d_cancel_control_resolves_remainder_before_economic_exit[4-CLOSED_SL]" time="1.117" /><testcase classname="tests.test_xm_mt5_forward" name="test_r02_d_cancel_control_resolves_remainder_before_economic_exit[5-CLOSED_TP]" time="0.950" /><testcase classname="tests.test_xm_mt5_forward" name="test_r02_p_legacy_cancel_without_arm_uses_outbox_ticket_without_fabricating_request[CANCEL_UNKNOWN]" time="0.941" /><testcase classname="tests.test_xm_mt5_forward" name="test_r02_p_legacy_cancel_without_arm_uses_outbox_ticket_without_fabricating_request[CANCEL_REJECTED]" time="0.969" /><testcase classname="tests.test_xm_mt5_forward" name="test_r02_p_legacy_outbox_ticket_conflict_is_unsafe_without_remove_or_send" time="0.506" /><testcase classname="tests.test_xm_mt5_forward" name="test_documented_mt5_order_deal_position_chain_for_long_short_and_exit[long-None-OPEN_PROTECTED]" time="0.462" /><testcase classname="tests.test_xm_mt5_forward" name="test_documented_mt5_order_deal_position_chain_for_long_short_and_exit[short-None-OPEN_PROTECTED]" time="0.451" /><testcase classname="tests.test_xm_mt5_forward" name="test_documented_mt5_order_deal_position_chain_for_long_short_and_exit[long-4-CLOSED_SL]" time="0.453" /><testcase classname="tests.test_xm_mt5_forward" name="test_documented_mt5_order_deal_position_chain_for_long_short_and_exit[short-5-CLOSED_TP]" time="0.686" /><testcase classname="tests.test_xm_mt5_forward" name="test_closed_state_uses_position_chain_and_allows_different_exit_order_ticket" time="0.487" /><testcase classname="tests.test_xm_mt5_forward" name="test_history_deal_lookup_rejects_undocumented_order_keyword" time="0.475" /><testcase classname="tests.test_xm_mt5_forward" name="test_verified_terminal_intent_is_not_reclassified_unknown_after_35_days" time="0.439" /><testcase classname="tests.test_xm_mt5_forward" name="test_partial_fill_is_not_full_fill_and_does_not_resend" time="0.471" /><testcase classname="tests.test_xm_mt5_forward" name="test_fill_with_unprotected_position_blocks_new_orders" time="0.445" /><testcase classname="tests.test_xm_mt5_forward" name="test_pending_order_expires_at_the_leg_trade_window_end" time="0.049" /><testcase classname="tests.test_xm_mt5_forward" name="test_none_broker_collection_returns_unknown_no_send" time="4.335" /><testcase classname="tests.test_xm_mt5_forward" name="test_sqlite_intent_allows_only_one_parallel_send" time="0.486" /><testcase classname="tests.test_xm_mt5_forward" name="test_parallel_retryable_lifecycle_states_arm_and_send_once[CHECK_RETRYABLE]" time="0.650" /><testcase classname="tests.test_xm_mt5_forward" name="test_parallel_retryable_lifecycle_states_arm_and_send_once[PRE_SEND_DEFERRED]" time="0.712" /><testcase classname="tests.test_xm_mt5_forward" name="test_pre_send_deferred_race_is_idempotent_and_emits_one_reevaluation" time="0.677" /><testcase classname="tests.test_xm_mt5_forward" name="test_pre_send_deferred_race_is_process_safe_with_independent_mt5_clients" time="1.608" /><testcase classname="tests.test_xm_mt5_forward" name="test_pre_send_deferred_request_mismatch_remains_fail_closed" time="0.175" /><testcase classname="tests.test_xm_mt5_forward" name="test_pre_send_deferred_crash_after_cas_resumes_after_restart" time="0.539" /><testcase classname="tests.test_xm_mt5_forward" name="test_sqlite_initializer_is_idempotent_and_verifies_wal_schema" time="0.084" /><testcase classname="tests.test_xm_mt5_forward" name="test_cancel_acknowledgement_requires_empty_broker_readback" time="0.646" /><testcase classname="tests.test_xm_mt5_forward" name="test_pending_remove_keeps_order_specific_partial_exposure_without_fatal" time="0.623" /><testcase classname="tests.test_xm_mt5_forward" name="test_pending_remove_does_not_bind_unrelated_same_magic_position" time="0.328" /><testcase classname="tests.test_xm_mt5_forward" name="test_pending_remove_keeps_unknown_when_order_fill_readback_disappears" time="4.554" /><testcase classname="tests.test_xm_mt5_forward" name="test_pending_remove_blocks_unprotected_order_specific_position" time="0.646" /><testcase classname="tests.test_xm_mt5_forward" name="test_sqlite_unique_intent_is_process_safe" time="0.972" /><testcase classname="tests.test_check_mt5_flat" name="test_flat_check_requires_the_pinned_terminal_environment" time="0.000" /><testcase classname="tests.test_check_mt5_flat" name="test_readiness_requires_fixed_demo_identity_permissions_and_flat_account" time="0.002" /><testcase classname="tests.test_check_mt5_flat" name="test_readiness_fails_closed_on_wrong_server_disabled_transport_or_exposure" time="0.002" /><testcase classname="tests.test_check_mt5_flat" name="test_readiness_accepts_only_the_pinned_portable_terminal_data_root" time="0.005" /><testcase classname="tests.test_check_mt5_flat" name="test_combined_readiness_requires_order_check_without_order_send" time="0.001" /><testcase classname="tests.test_check_mt5_flat" name="test_combined_readiness_accepts_only_safe_deferred_market_states" time="0.001" /><testcase classname="tests.test_check_mt5_flat" name="test_read_only_proof_requires_flat_demo_identity_and_disabled_order_paths" time="0.005" /><testcase classname="tests.test_pinned_checkout_bytes" name="test_pinned_bytes_are_independent_of_autocrlf[true]" time="1.664" /><testcase classname="tests.test_pinned_checkout_bytes" name="test_pinned_bytes_are_independent_of_autocrlf[false]" time="1.487" /><testcase classname="tests.test_pinned_checkout_bytes" name="test_active_v4_chain_is_independent_of_autocrlf[true]" time="2.592" /><testcase classname="tests.test_pinned_checkout_bytes" name="test_active_v4_chain_is_independent_of_autocrlf[false]" time="2.647" /><testcase classname="tests.test_powershell_harness_newlines" name="test_harness_preserves_powershell_line_continuations[\n]" time="0.201" /><testcase classname="tests.test_powershell_harness_newlines" name="test_harness_preserves_powershell_line_continuations[\r\n]" time="0.223" /></testsuite></testsuites>